Runda: 1
Gracz1 pole: Wyspa gotowka: 1000
Gracz2 pole: Aporina gotowka: 780
Albina pole: Akwarium *** czekanie: 3 *** 
Runda: 2
Gracz1 pole: Akwarium *** czekanie: 3 *** 
Gracz2 pole: Menella gotowka: 500
Albina pole: Akwarium *** czekanie: 2 *** 
Runda: 3
Gracz1 pole: Akwarium *** czekanie: 2 *** 
Gracz2 pole: Pennatula gotowka: 85
Albina pole: Akwarium *** czekanie: 1 *** 
Runda: 4
Gracz1 pole: Akwarium *** czekanie: 1 *** 
Gracz2 pole: Start gotowka: 135
Albina pole: Laguna gotowka: 1015
Runda: 5
Gracz1 pole: Statek gotowka: 985
Gracz2 pole: Wyspa gotowka: 215
Albina pole: Pennatula gotowka: 935
Runda: 6
Gracz1 pole: Start gotowka: 1035
Gracz2 pole: Akwarium *** czekanie: 3 *** 
Albina pole: Anemonia gotowka: 985
Runda: 7
Gracz1 pole: Akwarium *** czekanie: 3 *** 
Gracz2 pole: Akwarium *** czekanie: 2 *** 
Albina pole: Aporina gotowka: 941
Runda: 8
Gracz1 pole: Akwarium *** czekanie: 2 *** 
Gracz2 pole: Akwarium *** czekanie: 1 *** 
Albina pole: Menella gotowka: 885
Runda: 9
Gracz1 pole: Akwarium *** czekanie: 1 *** 
Gracz2 pole: Statek gotowka: 150
Albina pole: Statek gotowka: 770
Runda: 10
Gracz1 pole: Laguna gotowka: 1080
Gracz2 pole: Start gotowka: 280
Albina pole: Pennatula gotowka: 690
Runda: 11
Gracz1 pole: Pennatula gotowka: 1000
Gracz2 pole: Akwarium *** czekanie: 3 *** 
Albina pole: Start gotowka: 740
Runda: 12
Gracz1 pole: Anemonia gotowka: 1050
Gracz2 pole: Akwarium *** czekanie: 2 *** 
Albina pole: Akwarium *** czekanie: 3 *** 
Runda: 13
Gracz1 pole: Aporina gotowka: 1006
Gracz2 pole: Akwarium *** czekanie: 1 *** 
Albina pole: Akwarium *** czekanie: 2 *** 
Runda: 14
Gracz1 pole: Menella gotowka: 950
Gracz2 pole: Statek gotowka: 445
Albina pole: Akwarium *** czekanie: 1 *** 
Runda: 15
Gracz1 pole: Statek gotowka: 835
Gracz2 pole: Rekin gotowka: 465
Albina pole: Statek gotowka: 625
Runda: 16
Gracz1 pole: Pennatula gotowka: 755
Gracz2 pole: Wyspa gotowka: 595
Albina pole: Start gotowka: 675
Runda: 17
Gracz1 pole: Start gotowka: 805
Gracz2 pole: Grota gotowka: 295
Albina pole: Akwarium *** czekanie: 3 *** 
Runda: 18
Gracz1 pole: Wyspa gotowka: 805
Gracz2 pole: Statek gotowka: 280
Albina pole: Akwarium *** czekanie: 2 *** 
Runda: 19
Gracz1 pole: Menella gotowka: 749
Gracz2 pole: Pennatula gotowka: 336
Albina pole: Akwarium *** czekanie: 1 *** 
Runda: 20
Gracz1 pole: Blazenki gotowka: 854
Gracz2 pole: Wyspa gotowka: 442
Albina pole: Menella gotowka: 619
Runda: 21
Gracz1 pole: Start gotowka: 904
Gracz2 pole: Menella gotowka: 542
Albina pole: Statek gotowka: 504
Runda: 22
Gracz1 pole: Aporina gotowka: 860
Gracz2 pole: Pennatula gotowka: 651
Albina pole: Pennatula gotowka: 424
Runda: 23
Gracz1 pole: Menella gotowka: 804
Gracz2 pole: Wyspa gotowka: 757
Albina pole: Start gotowka: 474
Runda: 24
Gracz1 pole: Blazenki gotowka: 909
Gracz2 pole: Menella gotowka: 757
Albina pole: Wyspa gotowka: 474
Runda: 25
Gracz1 pole: Start gotowka: 959
Gracz2 pole: Pennatula gotowka: 742
Albina pole: Akwarium *** czekanie: 3 *** 
Runda: 26
Gracz1 pole: Aporina gotowka: 915
Gracz2 pole: Wyspa gotowka: 836
Albina pole: Akwarium *** czekanie: 2 *** 
Runda: 27
Gracz1 pole: Grota gotowka: 795
Gracz2 pole: Grota gotowka: 956
Albina pole: Akwarium *** czekanie: 1 *** 
Runda: 28
Gracz1 pole: Blazenki gotowka: 900
Gracz2 pole: Laguna gotowka: 1106
Albina pole: Laguna gotowka: 474
Runda: 29
Gracz1 pole: Anemonia gotowka: 790
Gracz2 pole: Blazenki gotowka: 1306
Albina pole: Pennatula gotowka: 394
Runda: 30
Gracz1 pole: Grota gotowka: 702
Gracz2 pole: Rekin gotowka: 1246
Albina pole: Anemonia gotowka: 412
Runda: 31
Gracz1 pole: Blazenki gotowka: 839
Gracz2 pole: Anemonia gotowka: 1264
Albina pole: Akwarium *** czekanie: 3 *** 
Runda: 32
Gracz1 pole: Anemonia gotowka: 889
Gracz2 pole: Aporina gotowka: 1264
Albina pole: Akwarium *** czekanie: 2 *** 
Runda: 33
Gracz1 pole: Akwarium *** czekanie: 3 *** 
Gracz2 pole: Laguna gotowka: 1279
Albina pole: Akwarium *** czekanie: 1 *** 
Runda: 34
Gracz1 pole: Akwarium *** czekanie: 2 *** 
Gracz2 pole: Blazenki gotowka: 1399
Albina pole: Laguna gotowka: 412
Runda: 35
Gracz1 pole: Akwarium *** czekanie: 1 *** 
Gracz2 pole: Anemonia gotowka: 1417
Albina pole: Blazenki gotowka: 532
Runda: 36
Gracz1 pole: Laguna gotowka: 921
Gracz2 pole: Grota gotowka: 1417
Albina pole: Rekin gotowka: 352
Runda: 37
Gracz1 pole: Pennatula gotowka: 873
Gracz2 pole: Blazenki gotowka: 1602
Albina pole: Anemonia gotowka: 370
Runda: 38
Gracz1 pole: Anemonia gotowka: 955
Gracz2 pole: Anemonia gotowka: 1664
Albina pole: Aporina gotowka: 326
Runda: 39
Gracz1 pole: Akwarium *** czekanie: 3 *** 
Gracz2 pole: Grota gotowka: 1784
Albina pole: Grota gotowka: 206
Runda: 40
Gracz1 pole: Akwarium *** czekanie: 2 *** 
Gracz2 pole: Statek gotowka: 1769
Albina pole: Blazenki gotowka: 311
Runda: 41
Gracz1 pole: Akwarium *** czekanie: 1 *** 
Gracz2 pole: Pennatula gotowka: 1769
Albina pole: Start gotowka: 361
Runda: 42
Gracz1 pole: Statek gotowka: 840
Gracz2 pole: Start gotowka: 1963
Albina pole: Aporina gotowka: 317
Runda: 43
Gracz1 pole: Start gotowka: 890
Gracz2 pole: Wyspa gotowka: 2019
Albina pole: Menella gotowka: 261
Runda: 44
Gracz1 pole: Akwarium *** czekanie: 3 *** 
Gracz2 pole: Akwarium *** czekanie: 3 *** 
Albina pole: Blazenki gotowka: 366
Runda: 45
Gracz1 pole: Akwarium *** czekanie: 2 *** 
Gracz2 pole: Akwarium *** czekanie: 2 *** 
Albina pole: Anemonia gotowka: 384
Runda: 46
Gracz1 pole: Akwarium *** czekanie: 1 *** 
Gracz2 pole: Akwarium *** czekanie: 1 *** 
Albina pole: Aporina gotowka: 340
Runda: 47
Gracz1 pole: Laguna gotowka: 997
Gracz2 pole: Statek gotowka: 2168
Albina pole: Grota gotowka: 220
Runda: 48
Gracz1 pole: Pennatula gotowka: 917
Gracz2 pole: Start gotowka: 2298
Albina pole: Laguna gotowka: 235
Runda: 49
Gracz1 pole: Anemonia gotowka: 967
Gracz2 pole: Akwarium *** czekanie: 3 *** 
Albina pole: Blazenki gotowka: 355
Runda: 50
Gracz1 pole: Akwarium *** czekanie: 3 *** 
Gracz2 pole: Akwarium *** czekanie: 2 *** 
Albina pole: Anemonia gotowka: 373
Runda: 51
Gracz1 pole: Akwarium *** czekanie: 2 *** 
Gracz2 pole: Akwarium *** czekanie: 1 *** 
Albina pole: Aporina gotowka: 329
Runda: 52
Gracz1 pole: Akwarium *** czekanie: 1 *** 
Gracz2 pole: Laguna gotowka: 2342
Albina pole: Laguna gotowka: 329
Runda: 53
Gracz1 pole: Menella gotowka: 943
Gracz2 pole: Pennatula gotowka: 2398
Albina pole: Rekin gotowka: 149
Runda: 54
Gracz1 pole: Statek gotowka: 860
Gracz2 pole: Anemonia gotowka: 2560
Albina pole: Aporina gotowka: 155
Runda: 55
Gracz1 pole: Pennatula gotowka: 780
Gracz2 pole: Akwarium *** czekanie: 3 *** 
Albina pole: Laguna gotowka: 170
Runda: 56
Gracz1 pole: Start gotowka: 830
Gracz2 pole: Akwarium *** czekanie: 2 *** 
Albina pole: Pennatula gotowka: 90
Runda: 57
Gracz1 pole: Akwarium *** czekanie: 3 *** 
Gracz2 pole: Akwarium *** czekanie: 1 *** 
Albina pole: Start gotowka: 140
Runda: 58
Gracz1 pole: Akwarium *** czekanie: 2 *** 
Gracz2 pole: Laguna gotowka: 2720
Albina pole: Akwarium *** czekanie: 3 *** 
Runda: 59
Gracz1 pole: Akwarium *** czekanie: 1 *** 
Gracz2 pole: Blazenki gotowka: 2840
Albina pole: Akwarium *** czekanie: 2 *** 
Runda: 60
Gracz1 pole: Laguna gotowka: 862
Gracz2 pole: Anemonia gotowka: 2858
Albina pole: Akwarium *** czekanie: 1 *** 
Runda: 61
Gracz1 pole: Blazenki gotowka: 982
Gracz2 pole: Akwarium *** czekanie: 3 *** 
Albina pole: Statek gotowka: 25
Runda: 62
Gracz1 pole: Rekin gotowka: 802
Gracz2 pole: Akwarium *** czekanie: 2 *** 
Albina *** bankrut *** 
Runda: 63
Gracz1 pole: Aporina gotowka: 808
Gracz2 pole: Akwarium *** czekanie: 1 *** 
Albina *** bankrut *** 
Runda: 64
Gracz1 pole: Grota gotowka: 688
Gracz2 pole: Laguna gotowka: 3137
Albina *** bankrut *** 
Runda: 65
Gracz1 pole: Blazenki gotowka: 793
Gracz2 pole: Blazenki gotowka: 3257
Albina *** bankrut *** 
Runda: 66
Gracz1 pole: Start gotowka: 875
Gracz2 pole: Anemonia gotowka: 3275
Albina *** bankrut *** 
Runda: 67
Gracz1 pole: Wyspa gotowka: 875
Gracz2 pole: Akwarium *** czekanie: 3 *** 
Albina *** bankrut *** 
Runda: 68
Gracz1 pole: Menella gotowka: 819
Gracz2 pole: Akwarium *** czekanie: 2 *** 
Albina *** bankrut *** 
Runda: 69
Gracz1 pole: Statek gotowka: 704
Gracz2 pole: Akwarium *** czekanie: 1 *** 
Albina *** bankrut *** 
Runda: 70
Gracz1 pole: Rekin gotowka: 524
Gracz2 pole: Statek gotowka: 3416
Albina *** bankrut *** 
Runda: 71
Gracz1 pole: Anemonia gotowka: 574
Gracz2 pole: Rekin gotowka: 3236
Albina *** bankrut *** 
Runda: 72
Gracz1 pole: Grota gotowka: 486
Gracz2 pole: Anemonia gotowka: 3374
Albina *** bankrut *** 
Runda: 73
Gracz1 pole: Statek gotowka: 371
Gracz2 pole: Grota gotowka: 3474
Albina *** bankrut *** 
Runda: 74
Gracz1 pole: Pennatula gotowka: 291
Gracz2 pole: Statek gotowka: 3539
Albina *** bankrut *** 
Runda: 75
Gracz1 pole: Wyspa gotowka: 341
Gracz2 pole: Pennatula gotowka: 3539
Albina *** bankrut *** 
Runda: 76
Gracz1 pole: Grota gotowka: 221
Gracz2 pole: Wyspa gotowka: 3709
Albina *** bankrut *** 
Runda: 77
Gracz1 pole: Laguna gotowka: 296
Gracz2 pole: Grota gotowka: 3709
Albina *** bankrut *** 
Runda: 78
Gracz1 pole: Rekin gotowka: 116
Gracz2 pole: Laguna gotowka: 3709
Albina *** bankrut *** 
Runda: 79
Gracz1 pole: Wyspa gotowka: 166
Gracz2 pole: Rekin gotowka: 3529
Albina *** bankrut *** 
Runda: 80
Gracz1 pole: Akwarium *** czekanie: 3 *** 
Gracz2 pole: Wyspa gotowka: 3579
Albina *** bankrut *** 
Runda: 81
Gracz1 pole: Akwarium *** czekanie: 2 *** 
Gracz2 pole: Menella gotowka: 3579
Albina *** bankrut *** 
Runda: 82
Gracz1 pole: Akwarium *** czekanie: 1 *** 
Gracz2 pole: Statek gotowka: 3564
Albina *** bankrut *** 
Runda: 83
Gracz1 pole: Laguna gotowka: 181
Gracz2 pole: Start gotowka: 3614
Albina *** bankrut *** 
Runda: 84
Gracz1 pole: Blazenki gotowka: 301
Gracz2 pole: Aporina gotowka: 3614
Albina *** bankrut *** 
Runda: 85
Gracz1 pole: Anemonia gotowka: 351
Gracz2 pole: Grota gotowka: 3614
Albina *** bankrut *** 
Runda: 86
Gracz1 pole: Akwarium *** czekanie: 3 *** 
Gracz2 pole: Blazenki gotowka: 3719
Albina *** bankrut *** 
Runda: 87
Gracz1 pole: Akwarium *** czekanie: 2 *** 
Gracz2 pole: Rekin gotowka: 3539
Albina *** bankrut *** 
Runda: 88
Gracz1 pole: Akwarium *** czekanie: 1 *** 
Gracz2 pole: Wyspa gotowka: 3589
Albina *** bankrut *** 
Runda: 89
Gracz1 pole: Statek gotowka: 236
Gracz2 pole: Akwarium *** czekanie: 3 *** 
Albina *** bankrut *** 
Runda: 90
Gracz1 pole: Rekin gotowka: 56
Gracz2 pole: Akwarium *** czekanie: 2 *** 
Albina *** bankrut *** 
Runda: 91
Gracz1 pole: Aporina gotowka: 62
Gracz2 pole: Akwarium *** czekanie: 1 *** 
Albina *** bankrut *** 
Runda: 92
Gracz1 *** bankrut *** 
Gracz2 pole: Akwarium *** czekanie: 1 *** 
Albina *** bankrut *** 
Runda: 1
Gracz1 pole: Aporina gotowka: 1000
Gracz2 pole: Akwarium *** czekanie: 3 *** 
Albina pole: Wyspa gotowka: 1000
Runda: 2
Gracz1 pole: Menella gotowka: 1000
Gracz2 pole: Akwarium *** czekanie: 2 *** 
Albina pole: Menella gotowka: 1000
Runda: 3
Gracz1 pole: Statek gotowka: 735
Gracz2 pole: Akwarium *** czekanie: 1 *** 
Albina pole: Blazenki gotowka: 1105
Runda: 4
Gracz1 pole: Start gotowka: 785
Gracz2 pole: Menella gotowka: 720
Albina pole: Start gotowka: 1155
Runda: 5
Gracz1 pole: Akwarium *** czekanie: 3 *** 
Gracz2 pole: Statek gotowka: 605
Albina pole: Aporina gotowka: 1155
Runda: 6
Gracz1 pole: Akwarium *** czekanie: 2 *** 
Gracz2 pole: Start gotowka: 655
Albina pole: Grota gotowka: 1155
Runda: 7
Gracz1 pole: Akwarium *** czekanie: 1 *** 
Gracz2 pole: Aporina gotowka: 435
Albina pole: Blazenki gotowka: 1260
Runda: 8
Gracz1 pole: Menella gotowka: 829
Gracz2 pole: Menella gotowka: 491
Albina pole: Anemonia gotowka: 1310
Runda: 9
Gracz1 pole: Statek gotowka: 814
Gracz2 pole: Blazenki gotowka: 596
Albina pole: Grota gotowka: 1310
Runda: 10
Gracz1 pole: Pennatula gotowka: 814
Gracz2 pole: Start gotowka: 646
Albina pole: Blazenki gotowka: 1415
Runda: 11
Gracz1 pole: Start gotowka: 864
Gracz2 pole: Aporina gotowka: 646
Albina pole: Anemonia gotowka: 1465
Runda: 12
Gracz1 pole: Wyspa gotowka: 864
Gracz2 pole: Menella gotowka: 646
Albina pole: Grota gotowka: 1465
Runda: 13
Gracz1 pole: Akwarium *** czekanie: 3 *** 
Gracz2 pole: Blazenki gotowka: 751
Albina pole: Blazenki gotowka: 1570
Runda: 14
Gracz1 pole: Akwarium *** czekanie: 2 *** 
Gracz2 pole: Rekin gotowka: 571
Albina pole: Start gotowka: 1620
Runda: 15
Gracz1 pole: Akwarium *** czekanie: 1 *** 
Gracz2 pole: Aporina gotowka: 621
Albina pole: Wyspa gotowka: 1620
Runda: 16
Gracz1 pole: Laguna gotowka: 999
Gracz2 pole: Laguna gotowka: 621
Albina pole: Akwarium *** czekanie: 3 *** 
Runda: 17
Gracz1 pole: Pennatula gotowka: 999
Gracz2 pole: Rekin gotowka: 441
Albina pole: Akwarium *** czekanie: 2 *** 
Runda: 18
Gracz1 pole: Start gotowka: 1049
Gracz2 pole: Wyspa gotowka: 491
Albina pole: Akwarium *** czekanie: 1 *** 
Runda: 19
Gracz1 pole: Akwarium *** czekanie: 3 *** 
Gracz2 pole: Akwarium *** czekanie: 3 *** 
Albina pole: Laguna gotowka: 1620
Runda: 20
Gracz1 pole: Akwarium *** czekanie: 2 *** 
Gracz2 pole: Akwarium *** czekanie: 2 *** 
Albina pole: Rekin gotowka: 1440
Runda: 21
Gracz1 pole: Akwarium *** czekanie: 1 *** 
Gracz2 pole: Akwarium *** czekanie: 1 *** 
Albina pole: Anemonia gotowka: 1490
Runda: 22
Gracz1 pole: Laguna gotowka: 1149
Gracz2 pole: Statek gotowka: 420
Albina pole: Aporina gotowka: 1446
Runda: 23
Gracz1 pole: Pennatula gotowka: 749
Gracz2 pole: Start gotowka: 470
Albina pole: Grota gotowka: 1446
Runda: 24
Gracz1 pole: Anemonia gotowka: 799
Gracz2 pole: Akwarium *** czekanie: 3 *** 
Albina pole: Laguna gotowka: 1461
Runda: 25
Gracz1 pole: Akwarium *** czekanie: 3 *** 
Gracz2 pole: Akwarium *** czekanie: 2 *** 
Albina pole: Rekin gotowka: 1281
Runda: 26
Gracz1 pole: Akwarium *** czekanie: 2 *** 
Gracz2 pole: Akwarium *** czekanie: 1 *** 
Albina pole: Anemonia gotowka: 1331
Runda: 27
Gracz1 pole: Akwarium *** czekanie: 1 *** 
Gracz2 pole: Laguna gotowka: 470
Albina pole: Grota gotowka: 1331
Runda: 28
Gracz1 pole: Menella gotowka: 823
Gracz2 pole: Pennatula gotowka: 446
Albina pole: Blazenki gotowka: 1436
Runda: 29
Gracz1 pole: Statek gotowka: 808
Gracz2 pole: Anemonia gotowka: 368
Albina pole: Anemonia gotowka: 1454
Runda: 30
Gracz1 pole: Pennatula gotowka: 808
Gracz2 pole: Akwarium *** czekanie: 3 *** 
Albina pole: Grota gotowka: 1454
Runda: 31
Gracz1 pole: Start gotowka: 958
Gracz2 pole: Akwarium *** czekanie: 2 *** 
Albina pole: Statek gotowka: 1339
Runda: 32
Gracz1 pole: Akwarium *** czekanie: 3 *** 
Gracz2 pole: Akwarium *** czekanie: 1 *** 
Albina pole: Pennatula gotowka: 1259
Runda: 33
Gracz1 pole: Akwarium *** czekanie: 2 *** 
Gracz2 pole: Laguna gotowka: 413
Albina pole: Wyspa gotowka: 1309
Runda: 34
Gracz1 pole: Akwarium *** czekanie: 1 *** 
Gracz2 pole: Blazenki gotowka: 533
Albina pole: Grota gotowka: 1309
Runda: 35
Gracz1 pole: Statek gotowka: 1123
Gracz2 pole: Rekin gotowka: 353
Albina pole: Statek gotowka: 1194
Runda: 36
Gracz1 pole: Start gotowka: 1173
Gracz2 pole: Anemonia gotowka: 403
Albina pole: Rekin gotowka: 1014
Runda: 37
Gracz1 pole: Akwarium *** czekanie: 3 *** 
Gracz2 pole: Aporina gotowka: 403
Albina pole: Wyspa gotowka: 1064
Runda: 38
Gracz1 pole: Akwarium *** czekanie: 2 *** 
Gracz2 pole: Laguna gotowka: 433
Albina pole: Akwarium *** czekanie: 3 *** 
Runda: 39
Gracz1 pole: Akwarium *** czekanie: 1 *** 
Gracz2 pole: Pennatula gotowka: 353
Albina pole: Akwarium *** czekanie: 2 *** 
Runda: 40
Gracz1 pole: Statek gotowka: 1238
Gracz2 pole: Start gotowka: 403
Albina pole: Akwarium *** czekanie: 1 *** 
Runda: 41
Gracz1 pole: Rekin gotowka: 1058
Gracz2 pole: Akwarium *** czekanie: 3 *** 
Albina pole: Menella gotowka: 1008
Runda: 42
Gracz1 pole: Wyspa gotowka: 1188
Gracz2 pole: Akwarium *** czekanie: 2 *** 
Albina pole: Pennatula gotowka: 913
Runda: 43
Gracz1 pole: Akwarium *** czekanie: 3 *** 
Gracz2 pole: Akwarium *** czekanie: 1 *** 
Albina pole: Anemonia gotowka: 931
Runda: 44
Gracz1 pole: Akwarium *** czekanie: 2 *** 
Gracz2 pole: Statek gotowka: 420
Albina pole: Aporina gotowka: 887
Runda: 45
Gracz1 pole: Akwarium *** czekanie: 1 *** 
Gracz2 pole: Rekin gotowka: 240
Albina pole: Laguna gotowka: 932
Runda: 46
Gracz1 pole: Menella gotowka: 1232
Gracz2 pole: Wyspa gotowka: 346
Albina pole: Rekin gotowka: 752
Runda: 47
Gracz1 pole: Statek gotowka: 1217
Gracz2 pole: Grota gotowka: 90
Albina pole: Aporina gotowka: 758
Runda: 48
Gracz1 pole: Pennatula gotowka: 1317
Gracz2 *** bankrut *** 
Albina pole: Laguna gotowka: 788
Runda: 49
Gracz1 pole: Start gotowka: 1447
Gracz2 *** bankrut *** 
Albina pole: Pennatula gotowka: 708
Runda: 50
Gracz1 pole: Akwarium *** czekanie: 3 *** 
Gracz2 *** bankrut *** 
Albina pole: Start gotowka: 758
Runda: 51
Gracz1 pole: Akwarium *** czekanie: 2 *** 
Gracz2 *** bankrut *** 
Albina pole: Aporina gotowka: 758
Runda: 52
Gracz1 pole: Akwarium *** czekanie: 1 *** 
Gracz2 *** bankrut *** 
Albina pole: Laguna gotowka: 758
Runda: 53
Gracz1 pole: Menella gotowka: 1527
Gracz2 *** bankrut *** 
Albina pole: Pennatula gotowka: 678
Runda: 54
Gracz1 pole: Pennatula gotowka: 1512
Gracz2 *** bankrut *** 
Albina pole: Start gotowka: 728
Runda: 55
Gracz1 pole: Anemonia gotowka: 1402
Gracz2 *** bankrut *** 
Albina pole: Akwarium *** czekanie: 3 *** 
Runda: 56
Gracz1 pole: Aporina gotowka: 1402
Gracz2 *** bankrut *** 
Albina pole: Akwarium *** czekanie: 2 *** 
Runda: 57
Gracz1 pole: Menella gotowka: 1402
Gracz2 *** bankrut *** 
Albina pole: Akwarium *** czekanie: 1 *** 
Runda: 58
Gracz1 pole: Pennatula gotowka: 1387
Gracz2 *** bankrut *** 
Albina pole: Menella gotowka: 728
Runda: 59
Gracz1 pole: Anemonia gotowka: 1517
Gracz2 *** bankrut *** 
Albina pole: Pennatula gotowka: 633
Runda: 60
Gracz1 pole: Aporina gotowka: 1329
Gracz2 *** bankrut *** 
Albina pole: Anemonia gotowka: 651
Runda: 61
Gracz1 pole: Laguna gotowka: 1418
Gracz2 *** bankrut *** 
Albina pole: Aporina gotowka: 607
Runda: 62
Gracz1 pole: Pennatula gotowka: 1418
Gracz2 *** bankrut *** 
Albina pole: Laguna gotowka: 607
Runda: 63
Gracz1 pole: Start gotowka: 1548
Gracz2 *** bankrut *** 
Albina pole: Pennatula gotowka: 527
Runda: 64
Gracz1 pole: Akwarium *** czekanie: 3 *** 
Gracz2 *** bankrut *** 
Albina pole: Start gotowka: 577
Runda: 65
Gracz1 pole: Akwarium *** czekanie: 2 *** 
Gracz2 *** bankrut *** 
Albina pole: Aporina gotowka: 533
Runda: 66
Gracz1 pole: Akwarium *** czekanie: 1 *** 
Gracz2 *** bankrut *** 
Albina pole: Laguna gotowka: 533
Runda: 67
Gracz1 pole: Menella gotowka: 1672
Gracz2 *** bankrut *** 
Albina pole: Pennatula gotowka: 453
Runda: 68
Gracz1 pole: Pennatula gotowka: 1657
Gracz2 *** bankrut *** 
Albina pole: Start gotowka: 503
Runda: 69
Gracz1 pole: Anemonia gotowka: 1707
Gracz2 *** bankrut *** 
Albina pole: Akwarium *** czekanie: 3 *** 
Runda: 70
Gracz1 pole: Aporina gotowka: 1707
Gracz2 *** bankrut *** 
Albina pole: Akwarium *** czekanie: 2 *** 
Runda: 71
Gracz1 pole: Menella gotowka: 1707
Gracz2 *** bankrut *** 
Albina pole: Akwarium *** czekanie: 1 *** 
Runda: 72
Gracz1 pole: Pennatula gotowka: 1692
Gracz2 *** bankrut *** 
Albina pole: Menella gotowka: 503
Runda: 73
Gracz1 pole: Anemonia gotowka: 1822
Gracz2 *** bankrut *** 
Albina pole: Pennatula gotowka: 408
Runda: 74
Gracz1 pole: Aporina gotowka: 1854
Gracz2 *** bankrut *** 
Albina pole: Anemonia gotowka: 426
Runda: 75
Gracz1 pole: Laguna gotowka: 1943
Gracz2 *** bankrut *** 
Albina pole: Aporina gotowka: 382
Runda: 76
Gracz1 pole: Pennatula gotowka: 1943
Gracz2 *** bankrut *** 
Albina pole: Laguna gotowka: 382
Runda: 77
Gracz1 pole: Start gotowka: 2073
Gracz2 *** bankrut *** 
Albina pole: Pennatula gotowka: 302
Runda: 78
Gracz1 pole: Akwarium *** czekanie: 3 *** 
Gracz2 *** bankrut *** 
Albina pole: Start gotowka: 352
Runda: 79
Gracz1 pole: Akwarium *** czekanie: 2 *** 
Gracz2 *** bankrut *** 
Albina pole: Aporina gotowka: 308
Runda: 80
Gracz1 pole: Akwarium *** czekanie: 1 *** 
Gracz2 *** bankrut *** 
Albina pole: Laguna gotowka: 308
Runda: 81
Gracz1 pole: Menella gotowka: 1917
Gracz2 *** bankrut *** 
Albina pole: Pennatula gotowka: 228
Runda: 82
Gracz1 pole: Pennatula gotowka: 1902
Gracz2 *** bankrut *** 
Albina pole: Start gotowka: 278
Runda: 83
Gracz1 pole: Anemonia gotowka: 1952
Gracz2 *** bankrut *** 
Albina pole: Akwarium *** czekanie: 3 *** 
Runda: 84
Gracz1 pole: Aporina gotowka: 1952
Gracz2 *** bankrut *** 
Albina pole: Akwarium *** czekanie: 2 *** 
Runda: 85
Gracz1 pole: Menella gotowka: 1952
Gracz2 *** bankrut *** 
Albina pole: Akwarium *** czekanie: 1 *** 
Runda: 86
Gracz1 pole: Pennatula gotowka: 1993
Gracz2 *** bankrut *** 
Albina pole: Menella gotowka: 222
Runda: 87
Gracz1 pole: Anemonia gotowka: 2123
Gracz2 *** bankrut *** 
Albina pole: Pennatula gotowka: 127
Runda: 88
Gracz1 pole: Aporina gotowka: 2155
Gracz2 *** bankrut *** 
Albina pole: Anemonia gotowka: 145
Runda: 89
Gracz1 pole: Laguna gotowka: 2244
Gracz2 *** bankrut *** 
Albina pole: Aporina gotowka: 101
Runda: 90
Gracz1 pole: Pennatula gotowka: 2244
Gracz2 *** bankrut *** 
Albina pole: Laguna gotowka: 101
Runda: 91
Gracz1 pole: Start gotowka: 2374
Gracz2 *** bankrut *** 
Albina pole: Pennatula gotowka: 21
Runda: 92
Gracz1 pole: Akwarium *** czekanie: 3 *** 
Gracz2 *** bankrut *** 
Albina pole: Start gotowka: 71
Runda: 93
Gracz1 pole: Akwarium *** czekanie: 2 *** 
Gracz2 *** bankrut *** 
Albina pole: Aporina gotowka: 27
Runda: 94
Gracz1 pole: Akwarium *** czekanie: 1 *** 
Gracz2 *** bankrut *** 
Albina pole: Laguna gotowka: 27
Runda: 95
Gracz1 pole: Menella gotowka: 2445
Gracz2 *** bankrut *** 
Albina *** bankrut *** 
Runda: 1
Gracz1 pole: Akwarium *** czekanie: 3 *** 
Gracz2 pole: Wyspa gotowka: 1000
Albina pole: Aporina gotowka: 1000
Runda: 2
Gracz1 pole: Akwarium *** czekanie: 2 *** 
Gracz2 pole: Menella gotowka: 720
Albina pole: Grota gotowka: 1000
Runda: 3
Gracz1 pole: Akwarium *** czekanie: 1 *** 
Gracz2 pole: Blazenki gotowka: 825
Albina pole: Blazenki gotowka: 1105
Runda: 4
Gracz1 pole: Menella gotowka: 944
Gracz2 pole: Start gotowka: 931
Albina pole: Anemonia gotowka: 1155
Runda: 5
Gracz1 pole: Statek gotowka: 929
Gracz2 pole: Aporina gotowka: 711
Albina pole: Grota gotowka: 1155
Runda: 6
Gracz1 pole: Pennatula gotowka: 929
Gracz2 pole: Menella gotowka: 711
Albina pole: Blazenki gotowka: 1260
Runda: 7
Gracz1 pole: Start gotowka: 979
Gracz2 pole: Blazenki gotowka: 816
Albina pole: Anemonia gotowka: 1310
Runda: 8
Gracz1 pole: Wyspa gotowka: 979
Gracz2 pole: Start gotowka: 866
Albina pole: Grota gotowka: 1310
Runda: 9
Gracz1 pole: Akwarium *** czekanie: 3 *** 
Gracz2 pole: Aporina gotowka: 866
Albina pole: Blazenki gotowka: 1415
Runda: 10
Gracz1 pole: Akwarium *** czekanie: 2 *** 
Gracz2 pole: Grota gotowka: 566
Albina pole: Start gotowka: 1465
Runda: 11
Gracz1 pole: Akwarium *** czekanie: 1 *** 
Gracz2 pole: Blazenki gotowka: 671
Albina pole: Wyspa gotowka: 1465
Runda: 12
Gracz1 pole: Laguna gotowka: 1084
Gracz2 pole: Anemonia gotowka: 561
Albina pole: Akwarium *** czekanie: 3 *** 
Runda: 13
Gracz1 pole: Pennatula gotowka: 684
Gracz2 pole: Grota gotowka: 561
Albina pole: Akwarium *** czekanie: 2 *** 
Runda: 14
Gracz1 pole: Start gotowka: 734
Gracz2 pole: Statek gotowka: 296
Albina pole: Akwarium *** czekanie: 1 *** 
Runda: 15
Gracz1 pole: Akwarium *** czekanie: 3 *** 
Gracz2 pole: Pennatula gotowka: 216
Albina pole: Laguna gotowka: 1480
Runda: 16
Gracz1 pole: Akwarium *** czekanie: 2 *** 
Gracz2 pole: Wyspa gotowka: 266
Albina pole: Blazenki gotowka: 1600
Runda: 17
Gracz1 pole: Akwarium *** czekanie: 1 *** 
Gracz2 pole: Grota gotowka: 298
Albina pole: Anemonia gotowka: 1618
Runda: 18
Gracz1 pole: Menella gotowka: 758
Gracz2 pole: Statek gotowka: 459
Albina pole: Grota gotowka: 1498
Runda: 19
Gracz1 pole: Statek gotowka: 643
Gracz2 pole: Rekin gotowka: 379
Albina pole: Blazenki gotowka: 1603
Runda: 20
Gracz1 pole: Pennatula gotowka: 643
Gracz2 pole: Wyspa gotowka: 461
Albina pole: Anemonia gotowka: 1621
Runda: 21
Gracz1 pole: Start gotowka: 693
Gracz2 pole: Grota gotowka: 581
Albina pole: Grota gotowka: 1501
Runda: 22
Gracz1 pole: Wyspa gotowka: 693
Gracz2 pole: Statek gotowka: 566
Albina pole: Blazenki gotowka: 1606
Runda: 23
Gracz1 pole: Akwarium *** czekanie: 3 *** 
Gracz2 pole: Rekin gotowka: 418
Albina pole: Anemonia gotowka: 1624
Runda: 24
Gracz1 pole: Akwarium *** czekanie: 2 *** 
Gracz2 pole: Anemonia gotowka: 468
Albina pole: Akwarium *** czekanie: 3 *** 
Runda: 25
Gracz1 pole: Akwarium *** czekanie: 1 *** 
Gracz2 pole: Grota gotowka: 468
Albina pole: Akwarium *** czekanie: 2 *** 
Runda: 26
Gracz1 pole: Menella gotowka: 637
Gracz2 pole: Statek gotowka: 509
Albina pole: Akwarium *** czekanie: 1 *** 
Runda: 27
Gracz1 pole: Pennatula gotowka: 702
Gracz2 pole: Pennatula gotowka: 429
Albina pole: Laguna gotowka: 1729
Runda: 28
Gracz1 pole: Wyspa gotowka: 832
Gracz2 pole: Start gotowka: 479
Albina pole: Pennatula gotowka: 1649
Runda: 29
Gracz1 pole: Menella gotowka: 776
Gracz2 pole: Wyspa gotowka: 567
Albina pole: Anemonia gotowka: 1667
Runda: 30
Gracz1 pole: Pennatula gotowka: 761
Gracz2 pole: Akwarium *** czekanie: 3 *** 
Albina pole: Akwarium *** czekanie: 3 *** 
Runda: 31
Gracz1 pole: Wyspa gotowka: 811
Gracz2 pole: Akwarium *** czekanie: 2 *** 
Albina pole: Akwarium *** czekanie: 2 *** 
Runda: 32
Gracz1 pole: Akwarium *** czekanie: 3 *** 
Gracz2 pole: Akwarium *** czekanie: 1 *** 
Albina pole: Akwarium *** czekanie: 1 *** 
Runda: 33
Gracz1 pole: Akwarium *** czekanie: 2 *** 
Gracz2 pole: Laguna gotowka: 682
Albina pole: Statek gotowka: 1552
Runda: 34
Gracz1 pole: Akwarium *** czekanie: 1 *** 
Gracz2 pole: Blazenki gotowka: 802
Albina pole: Rekin gotowka: 1372
Runda: 35
Gracz1 pole: Statek gotowka: 696
Gracz2 pole: Rekin gotowka: 722
Albina pole: Wyspa gotowka: 1422
Runda: 36
Gracz1 pole: Start gotowka: 746
Gracz2 pole: Anemonia gotowka: 892
Albina pole: Grota gotowka: 1302
Runda: 37
Gracz1 pole: Akwarium *** czekanie: 3 *** 
Gracz2 pole: Aporina gotowka: 992
Albina pole: Statek gotowka: 1187
Runda: 38
Gracz1 pole: Akwarium *** czekanie: 2 *** 
Gracz2 pole: Laguna gotowka: 1037
Albina pole: Pennatula gotowka: 1107
Runda: 39
Gracz1 pole: Akwarium *** czekanie: 1 *** 
Gracz2 pole: Pennatula gotowka: 957
Albina pole: Wyspa gotowka: 1157
Runda: 40
Gracz1 pole: Menella gotowka: 850
Gracz2 pole: Anemonia gotowka: 1119
Albina pole: Menella gotowka: 1101
Runda: 41
Gracz1 pole: Statek gotowka: 815
Gracz2 pole: Akwarium *** czekanie: 3 *** 
Albina pole: Pennatula gotowka: 1006
Runda: 42
Gracz1 pole: Pennatula gotowka: 815
Gracz2 pole: Akwarium *** czekanie: 2 *** 
Albina pole: Anemonia gotowka: 1024
Runda: 43
Gracz1 pole: Wyspa gotowka: 865
Gracz2 pole: Akwarium *** czekanie: 1 *** 
Albina pole: Aporina gotowka: 980
Runda: 44
Gracz1 pole: Grota gotowka: 745
Gracz2 pole: Statek gotowka: 1520
Albina pole: Grota gotowka: 860
Runda: 45
Gracz1 pole: Statek gotowka: 630
Gracz2 pole: Start gotowka: 1670
Albina pole: Laguna gotowka: 920
Runda: 46
Gracz1 pole: Rekin gotowka: 450
Gracz2 pole: Akwarium *** czekanie: 3 *** 
Albina pole: Blazenki gotowka: 1040
Runda: 47
Gracz1 pole: Wyspa gotowka: 500
Gracz2 pole: Akwarium *** czekanie: 2 *** 
Albina pole: Anemonia gotowka: 1058
Runda: 48
Gracz1 pole: Akwarium *** czekanie: 3 *** 
Gracz2 pole: Akwarium *** czekanie: 1 *** 
Albina pole: Akwarium *** czekanie: 3 *** 
Runda: 49
Gracz1 pole: Akwarium *** czekanie: 2 *** 
Gracz2 pole: Statek gotowka: 1687
Albina pole: Akwarium *** czekanie: 2 *** 
Runda: 50
Gracz1 pole: Akwarium *** czekanie: 1 *** 
Gracz2 pole: Pennatula gotowka: 1607
Albina pole: Akwarium *** czekanie: 1 *** 
Runda: 51
Gracz1 pole: Laguna gotowka: 595
Gracz2 pole: Wyspa gotowka: 1713
Albina pole: Menella gotowka: 1002
Runda: 52
Gracz1 pole: Pennatula gotowka: 595
Gracz2 pole: Menella gotowka: 1813
Albina pole: Statek gotowka: 887
Runda: 53
Gracz1 pole: Anemonia gotowka: 773
Gracz2 pole: Pennatula gotowka: 1750
Albina pole: Pennatula gotowka: 807
Runda: 54
Gracz1 pole: Akwarium *** czekanie: 3 *** 
Gracz2 pole: Wyspa gotowka: 1800
Albina pole: Start gotowka: 857
Runda: 55
Gracz1 pole: Akwarium *** czekanie: 2 *** 
Gracz2 pole: Grota gotowka: 1800
Albina pole: Akwarium *** czekanie: 3 *** 
Runda: 56
Gracz1 pole: Akwarium *** czekanie: 1 *** 
Gracz2 pole: Laguna gotowka: 1830
Albina pole: Akwarium *** czekanie: 2 *** 
Runda: 57
Gracz1 pole: Laguna gotowka: 773
Gracz2 pole: Rekin gotowka: 1650
Albina pole: Akwarium *** czekanie: 1 *** 
Runda: 58
Gracz1 pole: Blazenki gotowka: 893
Gracz2 pole: Wyspa gotowka: 1800
Albina pole: Statek gotowka: 742
Runda: 59
Gracz1 pole: Rekin gotowka: 713
Gracz2 pole: Grota gotowka: 1800
Albina pole: Start gotowka: 792
Runda: 60
Gracz1 pole: Anemonia gotowka: 731
Gracz2 pole: Statek gotowka: 1817
Albina pole: Akwarium *** czekanie: 3 *** 
Runda: 61
Gracz1 pole: Aporina gotowka: 687
Gracz2 pole: Rekin gotowka: 1681
Albina pole: Akwarium *** czekanie: 2 *** 
Runda: 62
Gracz1 pole: Laguna gotowka: 717
Gracz2 pole: Anemonia gotowka: 1731
Albina pole: Akwarium *** czekanie: 1 *** 
Runda: 63
Gracz1 pole: Pennatula gotowka: 717
Gracz2 pole: Grota gotowka: 1787
Albina pole: Menella gotowka: 736
Runda: 64
Gracz1 pole: Anemonia gotowka: 735
Gracz2 pole: Blazenki gotowka: 2024
Albina pole: Statek gotowka: 621
Runda: 65
Gracz1 pole: Akwarium *** czekanie: 3 *** 
Gracz2 pole: Anemonia gotowka: 2074
Albina pole: Pennatula gotowka: 541
Runda: 66
Gracz1 pole: Akwarium *** czekanie: 2 *** 
Gracz2 pole: Akwarium *** czekanie: 3 *** 
Albina pole: Wyspa gotowka: 591
Runda: 67
Gracz1 pole: Akwarium *** czekanie: 1 *** 
Gracz2 pole: Akwarium *** czekanie: 2 *** 
Albina pole: Akwarium *** czekanie: 3 *** 
Runda: 68
Gracz1 pole: Laguna gotowka: 845
Gracz2 pole: Akwarium *** czekanie: 1 *** 
Albina pole: Akwarium *** czekanie: 2 *** 
Runda: 69
Gracz1 pole: Rekin gotowka: 665
Gracz2 pole: Menella gotowka: 2074
Albina pole: Akwarium *** czekanie: 1 *** 
Runda: 70
Gracz1 pole: Wyspa gotowka: 795
Gracz2 pole: Pennatula gotowka: 2035
Albina pole: Menella gotowka: 535
Runda: 71
Gracz1 pole: Grota gotowka: 675
Gracz2 pole: Wyspa gotowka: 2305
Albina pole: Statek gotowka: 420
Runda: 72
Gracz1 pole: Statek gotowka: 640
Gracz2 pole: Menella gotowka: 2405
Albina pole: Pennatula gotowka: 340
Runda: 73
Gracz1 pole: Rekin gotowka: 540
Gracz2 pole: Pennatula gotowka: 2310
Albina pole: Start gotowka: 390
Runda: 74
Gracz1 pole: Wyspa gotowka: 590
Gracz2 pole: Wyspa gotowka: 2360
Albina pole: Wyspa gotowka: 390
Runda: 75
Gracz1 pole: Grota gotowka: 470
Gracz2 pole: Menella gotowka: 2480
Albina pole: Akwarium *** czekanie: 3 *** 
Runda: 76
Gracz1 pole: Statek gotowka: 435
Gracz2 pole: Pennatula gotowka: 2485
Albina pole: Akwarium *** czekanie: 2 *** 
Runda: 77
Gracz1 pole: Pennatula gotowka: 435
Gracz2 pole: Anemonia gotowka: 2535
Albina pole: Akwarium *** czekanie: 1 *** 
Runda: 78
Gracz1 pole: Wyspa gotowka: 485
Gracz2 pole: Aporina gotowka: 2535
Albina pole: Laguna gotowka: 480
Runda: 79
Gracz1 pole: Menella gotowka: 509
Gracz2 pole: Grota gotowka: 2591
Albina pole: Pennatula gotowka: 400
Runda: 80
Gracz1 pole: Pennatula gotowka: 494
Gracz2 pole: Laguna gotowka: 2638
Albina pole: Anemonia gotowka: 418
Runda: 81
Gracz1 pole: Wyspa gotowka: 544
Gracz2 pole: Blazenki gotowka: 2758
Albina pole: Akwarium *** czekanie: 3 *** 
Runda: 82
Gracz1 pole: Menella gotowka: 488
Gracz2 pole: Rekin gotowka: 2634
Albina pole: Akwarium *** czekanie: 2 *** 
Runda: 83
Gracz1 pole: Blazenki gotowka: 593
Gracz2 pole: Aporina gotowka: 2684
Albina pole: Akwarium *** czekanie: 1 *** 
Runda: 84
Gracz1 pole: Rekin gotowka: 413
Gracz2 pole: Menella gotowka: 2784
Albina pole: Statek gotowka: 303
Runda: 85
Gracz1 pole: Anemonia gotowka: 431
Gracz2 pole: Blazenki gotowka: 2921
Albina pole: Start gotowka: 353
Runda: 86
Gracz1 pole: Aporina gotowka: 387
Gracz2 pole: Start gotowka: 3015
Albina pole: Akwarium *** czekanie: 3 *** 
Runda: 87
Gracz1 pole: Grota gotowka: 267
Gracz2 pole: Aporina gotowka: 3135
Albina pole: Akwarium *** czekanie: 2 *** 
Runda: 88
Gracz1 pole: Blazenki gotowka: 372
Gracz2 pole: Grota gotowka: 3135
Albina pole: Akwarium *** czekanie: 1 *** 
Runda: 89
Gracz1 pole: Start gotowka: 422
Gracz2 pole: Blazenki gotowka: 3296
Albina pole: Menella gotowka: 297
Runda: 90
Gracz1 pole: Aporina gotowka: 378
Gracz2 pole: Anemonia gotowka: 3490
Albina pole: Statek gotowka: 182
Runda: 91
Gracz1 pole: Menella gotowka: 402
Gracz2 pole: Grota gotowka: 3546
Albina pole: Pennatula gotowka: 102
Runda: 92
Gracz1 pole: Blazenki gotowka: 507
Gracz2 pole: Blazenki gotowka: 3651
Albina pole: Start gotowka: 152
Runda: 93
Gracz1 pole: Start gotowka: 557
Gracz2 pole: Anemonia gotowka: 3701
Albina pole: Wyspa gotowka: 152
Runda: 94
Gracz1 pole: Aporina gotowka: 513
Gracz2 pole: Grota gotowka: 3745
Albina pole: Akwarium *** czekanie: 3 *** 
Runda: 95
Gracz1 pole: Menella gotowka: 457
Gracz2 pole: Blazenki gotowka: 3906
Albina pole: Akwarium *** czekanie: 2 *** 
Runda: 96
Gracz1 pole: Statek gotowka: 342
Gracz2 pole: Start gotowka: 4056
Albina pole: Akwarium *** czekanie: 1 *** 
Runda: 97
Gracz1 pole: Start gotowka: 392
Gracz2 pole: Wyspa gotowka: 4056
Albina pole: Laguna gotowka: 302
Runda: 98
Gracz1 pole: Akwarium *** czekanie: 3 *** 
Gracz2 pole: Akwarium *** czekanie: 3 *** 
Albina pole: Pennatula gotowka: 222
Runda: 99
Gracz1 pole: Akwarium *** czekanie: 2 *** 
Gracz2 pole: Akwarium *** czekanie: 2 *** 
Albina pole: Wyspa gotowka: 272
Runda: 100
Gracz1 pole: Akwarium *** czekanie: 1 *** 
Gracz2 pole: Akwarium *** czekanie: 1 *** 
Albina pole: Akwarium *** czekanie: 3 *** 
Runda: 1
Gracz1 pole: Aporina gotowka: 1000
Gracz2 pole: Akwarium *** czekanie: 3 *** 
Albina pole: Wyspa gotowka: 1000
Runda: 2
Gracz1 pole: Menella gotowka: 1000
Gracz2 pole: Akwarium *** czekanie: 2 *** 
Albina pole: Menella gotowka: 1000
Runda: 3
Gracz1 pole: Statek gotowka: 735
Gracz2 pole: Akwarium *** czekanie: 1 *** 
Albina pole: Blazenki gotowka: 1105
Runda: 4
Gracz1 pole: Start gotowka: 785
Gracz2 pole: Menella gotowka: 720
Albina pole: Start gotowka: 1155
Runda: 5
Gracz1 pole: Akwarium *** czekanie: 3 *** 
Gracz2 pole: Statek gotowka: 605
Albina pole: Aporina gotowka: 1155
Runda: 6
Gracz1 pole: Akwarium *** czekanie: 2 *** 
Gracz2 pole: Start gotowka: 655
Albina pole: Grota gotowka: 1155
Runda: 7
Gracz1 pole: Akwarium *** czekanie: 1 *** 
Gracz2 pole: Aporina gotowka: 435
Albina pole: Blazenki gotowka: 1260
Runda: 8
Gracz1 pole: Menella gotowka: 829
Gracz2 pole: Menella gotowka: 491
Albina pole: Anemonia gotowka: 1310
Runda: 9
Gracz1 pole: Statek gotowka: 814
Gracz2 pole: Blazenki gotowka: 596
Albina pole: Grota gotowka: 1310
Runda: 10
Gracz1 pole: Pennatula gotowka: 814
Gracz2 pole: Start gotowka: 646
Albina pole: Blazenki gotowka: 1415
Runda: 11
Gracz1 pole: Start gotowka: 864
Gracz2 pole: Aporina gotowka: 646
Albina pole: Anemonia gotowka: 1465
Runda: 12
Gracz1 pole: Wyspa gotowka: 864
Gracz2 pole: Menella gotowka: 646
Albina pole: Grota gotowka: 1465
Runda: 13
Gracz1 pole: Akwarium *** czekanie: 3 *** 
Gracz2 pole: Blazenki gotowka: 751
Albina pole: Blazenki gotowka: 1570
Runda: 14
Gracz1 pole: Akwarium *** czekanie: 2 *** 
Gracz2 pole: Rekin gotowka: 571
Albina pole: Start gotowka: 1620
Runda: 15
Gracz1 pole: Akwarium *** czekanie: 1 *** 
Gracz2 pole: Aporina gotowka: 621
Albina pole: Wyspa gotowka: 1620
Runda: 16
Gracz1 pole: Laguna gotowka: 999
Gracz2 pole: Laguna gotowka: 621
Albina pole: Akwarium *** czekanie: 3 *** 
Runda: 17
Gracz1 pole: Pennatula gotowka: 999
Gracz2 pole: Rekin gotowka: 441
Albina pole: Akwarium *** czekanie: 2 *** 
Runda: 18
Gracz1 pole: Start gotowka: 1049
Gracz2 pole: Wyspa gotowka: 491
Albina pole: Akwarium *** czekanie: 1 *** 
Runda: 19
Gracz1 pole: Akwarium *** czekanie: 3 *** 
Gracz2 pole: Akwarium *** czekanie: 3 *** 
Albina pole: Laguna gotowka: 1620
Runda: 20
Gracz1 pole: Akwarium *** czekanie: 2 *** 
Gracz2 pole: Akwarium *** czekanie: 2 *** 
Albina pole: Rekin gotowka: 1440
Runda: 21
Gracz1 pole: Akwarium *** czekanie: 1 *** 
Gracz2 pole: Akwarium *** czekanie: 1 *** 
Albina pole: Anemonia gotowka: 1490
Runda: 22
Gracz1 pole: Laguna gotowka: 1149
Gracz2 pole: Statek gotowka: 420
Albina pole: Aporina gotowka: 1446
Runda: 23
Gracz1 pole: Pennatula gotowka: 749
Gracz2 pole: Start gotowka: 470
Albina pole: Grota gotowka: 1446
Runda: 24
Gracz1 pole: Anemonia gotowka: 799
Gracz2 pole: Akwarium *** czekanie: 3 *** 
Albina pole: Laguna gotowka: 1461
Runda: 25
Gracz1 pole: Akwarium *** czekanie: 3 *** 
Gracz2 pole: Akwarium *** czekanie: 2 *** 
Albina pole: Rekin gotowka: 1281
Runda: 26
Gracz1 pole: Akwarium *** czekanie: 2 *** 
Gracz2 pole: Akwarium *** czekanie: 1 *** 
Albina pole: Anemonia gotowka: 1331
Runda: 27
Gracz1 pole: Akwarium *** czekanie: 1 *** 
Gracz2 pole: Laguna gotowka: 470
Albina pole: Grota gotowka: 1331
Runda: 28
Gracz1 pole: Menella gotowka: 823
Gracz2 pole: Pennatula gotowka: 446
Albina pole: Blazenki gotowka: 1436
Runda: 29
Gracz1 pole: Statek gotowka: 808
Gracz2 pole: Anemonia gotowka: 368
Albina pole: Anemonia gotowka: 1454
Runda: 30
Gracz1 pole: Pennatula gotowka: 808
Gracz2 pole: Akwarium *** czekanie: 3 *** 
Albina pole: Grota gotowka: 1454
Runda: 31
Gracz1 pole: Start gotowka: 958
Gracz2 pole: Akwarium *** czekanie: 2 *** 
Albina pole: Statek gotowka: 1339
Runda: 32
Gracz1 pole: Akwarium *** czekanie: 3 *** 
Gracz2 pole: Akwarium *** czekanie: 1 *** 
Albina pole: Pennatula gotowka: 1259
Runda: 33
Gracz1 pole: Akwarium *** czekanie: 2 *** 
Gracz2 pole: Laguna gotowka: 413
Albina pole: Wyspa gotowka: 1309
Runda: 34
Gracz1 pole: Akwarium *** czekanie: 1 *** 
Gracz2 pole: Blazenki gotowka: 533
Albina pole: Grota gotowka: 1309
Runda: 35
Gracz1 pole: Statek gotowka: 1123
Gracz2 pole: Rekin gotowka: 353
Albina pole: Statek gotowka: 1194
Runda: 36
Gracz1 pole: Start gotowka: 1173
Gracz2 pole: Anemonia gotowka: 403
Albina pole: Rekin gotowka: 1014
Runda: 37
Gracz1 pole: Akwarium *** czekanie: 3 *** 
Gracz2 pole: Aporina gotowka: 403
Albina pole: Wyspa gotowka: 1064
Runda: 38
Gracz1 pole: Akwarium *** czekanie: 2 *** 
Gracz2 pole: Laguna gotowka: 433
Albina pole: Akwarium *** czekanie: 3 *** 
Runda: 39
Gracz1 pole: Akwarium *** czekanie: 1 *** 
Gracz2 pole: Pennatula gotowka: 353
Albina pole: Akwarium *** czekanie: 2 *** 
Runda: 40
Gracz1 pole: Statek gotowka: 1238
Gracz2 pole: Start gotowka: 403
Albina pole: Akwarium *** czekanie: 1 *** 
Runda: 41
Gracz1 pole: Rekin gotowka: 1058
Gracz2 pole: Akwarium *** czekanie: 3 *** 
Albina pole: Menella gotowka: 1008
Runda: 42
Gracz1 pole: Wyspa gotowka: 1188
Gracz2 pole: Akwarium *** czekanie: 2 *** 
Albina pole: Pennatula gotowka: 913
Runda: 43
Gracz1 pole: Akwarium *** czekanie: 3 *** 
Gracz2 pole: Akwarium *** czekanie: 1 *** 
Albina pole: Anemonia gotowka: 931
Runda: 44
Gracz1 pole: Akwarium *** czekanie: 2 *** 
Gracz2 pole: Statek gotowka: 420
Albina pole: Aporina gotowka: 887
Runda: 45
Gracz1 pole: Akwarium *** czekanie: 1 *** 
Gracz2 pole: Rekin gotowka: 240
Albina pole: Laguna gotowka: 932
Runda: 46
Gracz1 pole: Menella gotowka: 1232
Gracz2 pole: Wyspa gotowka: 346
Albina pole: Rekin gotowka: 752
Runda: 47
Gracz1 pole: Statek gotowka: 1217
Gracz2 pole: Grota gotowka: 90
Albina pole: Aporina gotowka: 758
Runda: 48
Gracz1 pole: Pennatula gotowka: 1317
Gracz2 *** bankrut *** 
Albina pole: Laguna gotowka: 788
Runda: 49
Gracz1 pole: Start gotowka: 1447
Gracz2 *** bankrut *** 
Albina pole: Pennatula gotowka: 708
Runda: 50
Gracz1 pole: Akwarium *** czekanie: 3 *** 
Gracz2 *** bankrut *** 
Albina pole: Start gotowka: 758
Runda: 51
Gracz1 pole: Akwarium *** czekanie: 2 *** 
Gracz2 *** bankrut *** 
Albina pole: Aporina gotowka: 758
Runda: 52
Gracz1 pole: Akwarium *** czekanie: 1 *** 
Gracz2 *** bankrut *** 
Albina pole: Laguna gotowka: 758
Runda: 53
Gracz1 pole: Menella gotowka: 1527
Gracz2 *** bankrut *** 
Albina pole: Pennatula gotowka: 678
Runda: 54
Gracz1 pole: Pennatula gotowka: 1512
Gracz2 *** bankrut *** 
Albina pole: Start gotowka: 728
Runda: 55
Gracz1 pole: Anemonia gotowka: 1402
Gracz2 *** bankrut *** 
Albina pole: Akwarium *** czekanie: 3 *** 
Runda: 56
Gracz1 pole: Aporina gotowka: 1402
Gracz2 *** bankrut *** 
Albina pole: Akwarium *** czekanie: 2 *** 
Runda: 57
Gracz1 pole: Menella gotowka: 1402
Gracz2 *** bankrut *** 
Albina pole: Akwarium *** czekanie: 1 *** 
Runda: 58
Gracz1 pole: Pennatula gotowka: 1387
Gracz2 *** bankrut *** 
Albina pole: Menella gotowka: 728
Runda: 59
Gracz1 pole: Anemonia gotowka: 1517
Gracz2 *** bankrut *** 
Albina pole: Pennatula gotowka: 633
Runda: 60
Gracz1 pole: Aporina gotowka: 1329
Gracz2 *** bankrut *** 
Albina pole: Anemonia gotowka: 651
Runda: 61
Gracz1 pole: Laguna gotowka: 1418
Gracz2 *** bankrut *** 
Albina pole: Aporina gotowka: 607
Runda: 62
Gracz1 pole: Pennatula gotowka: 1418
Gracz2 *** bankrut *** 
Albina pole: Laguna gotowka: 607
Runda: 63
Gracz1 pole: Start gotowka: 1548
Gracz2 *** bankrut *** 
Albina pole: Pennatula gotowka: 527
Runda: 64
Gracz1 pole: Akwarium *** czekanie: 3 *** 
Gracz2 *** bankrut *** 
Albina pole: Start gotowka: 577
Runda: 65
Gracz1 pole: Akwarium *** czekanie: 2 *** 
Gracz2 *** bankrut *** 
Albina pole: Aporina gotowka: 533
Runda: 66
Gracz1 pole: Akwarium *** czekanie: 1 *** 
Gracz2 *** bankrut *** 
Albina pole: Laguna gotowka: 533
Runda: 67
Gracz1 pole: Menella gotowka: 1672
Gracz2 *** bankrut *** 
Albina pole: Pennatula gotowka: 453
Runda: 68
Gracz1 pole: Pennatula gotowka: 1657
Gracz2 *** bankrut *** 
Albina pole: Start gotowka: 503
Runda: 69
Gracz1 pole: Anemonia gotowka: 1707
Gracz2 *** bankrut *** 
Albina pole: Akwarium *** czekanie: 3 *** 
Runda: 70
Gracz1 pole: Aporina gotowka: 1707
Gracz2 *** bankrut *** 
Albina pole: Akwarium *** czekanie: 2 *** 
Runda: 71
Gracz1 pole: Menella gotowka: 1707
Gracz2 *** bankrut *** 
Albina pole: Akwarium *** czekanie: 1 *** 
Runda: 72
Gracz1 pole: Pennatula gotowka: 1692
Gracz2 *** bankrut *** 
Albina pole: Menella gotowka: 503
Runda: 73
Gracz1 pole: Anemonia gotowka: 1822
Gracz2 *** bankrut *** 
Albina pole: Pennatula gotowka: 408
Runda: 74
Gracz1 pole: Aporina gotowka: 1854
Gracz2 *** bankrut *** 
Albina pole: Anemonia gotowka: 426
Runda: 75
Gracz1 pole: Laguna gotowka: 1943
Gracz2 *** bankrut *** 
Albina pole: Aporina gotowka: 382
Runda: 76
Gracz1 pole: Pennatula gotowka: 1943
Gracz2 *** bankrut *** 
Albina pole: Laguna gotowka: 382
Runda: 77
Gracz1 pole: Start gotowka: 2073
Gracz2 *** bankrut *** 
Albina pole: Pennatula gotowka: 302
Runda: 78
Gracz1 pole: Akwarium *** czekanie: 3 *** 
Gracz2 *** bankrut *** 
Albina pole: Start gotowka: 352
Runda: 79
Gracz1 pole: Akwarium *** czekanie: 2 *** 
Gracz2 *** bankrut *** 
Albina pole: Aporina gotowka: 308
Runda: 80
Gracz1 pole: Akwarium *** czekanie: 1 *** 
Gracz2 *** bankrut *** 
Albina pole: Laguna gotowka: 308
Runda: 81
Gracz1 pole: Menella gotowka: 1917
Gracz2 *** bankrut *** 
Albina pole: Pennatula gotowka: 228
Runda: 82
Gracz1 pole: Pennatula gotowka: 1902
Gracz2 *** bankrut *** 
Albina pole: Start gotowka: 278
Runda: 83
Gracz1 pole: Anemonia gotowka: 1952
Gracz2 *** bankrut *** 
Albina pole: Akwarium *** czekanie: 3 *** 
Runda: 84
Gracz1 pole: Aporina gotowka: 1952
Gracz2 *** bankrut *** 
Albina pole: Akwarium *** czekanie: 2 *** 
Runda: 85
Gracz1 pole: Menella gotowka: 1952
Gracz2 *** bankrut *** 
Albina pole: Akwarium *** czekanie: 1 *** 
Runda: 86
Gracz1 pole: Pennatula gotowka: 1993
Gracz2 *** bankrut *** 
Albina pole: Menella gotowka: 222
Runda: 87
Gracz1 pole: Anemonia gotowka: 2123
Gracz2 *** bankrut *** 
Albina pole: Pennatula gotowka: 127
Runda: 88
Gracz1 pole: Aporina gotowka: 2155
Gracz2 *** bankrut *** 
Albina pole: Anemonia gotowka: 145
Runda: 89
Gracz1 pole: Laguna gotowka: 2244
Gracz2 *** bankrut *** 
Albina pole: Aporina gotowka: 101
Runda: 90
Gracz1 pole: Pennatula gotowka: 2244
Gracz2 *** bankrut *** 
Albina pole: Laguna gotowka: 101
Runda: 91
Gracz1 pole: Start gotowka: 2374
Gracz2 *** bankrut *** 
Albina pole: Pennatula gotowka: 21
Runda: 92
Gracz1 pole: Akwarium *** czekanie: 3 *** 
Gracz2 *** bankrut *** 
Albina pole: Start gotowka: 71
Runda: 93
Gracz1 pole: Akwarium *** czekanie: 2 *** 
Gracz2 *** bankrut *** 
Albina pole: Aporina gotowka: 27
Runda: 94
Gracz1 pole: Akwarium *** czekanie: 1 *** 
Gracz2 *** bankrut *** 
Albina pole: Laguna gotowka: 27
Runda: 95
Gracz1 pole: Menella gotowka: 2445
Gracz2 *** bankrut *** 
Albina *** bankrut *** 
Runda: 1
Gracz1 pole: Akwarium *** czekanie: 3 *** 
Gracz2 pole: Wyspa gotowka: 1000
Albina pole: Aporina gotowka: 1000
Runda: 2
Gracz1 pole: Akwarium *** czekanie: 2 *** 
Gracz2 pole: Menella gotowka: 720
Albina pole: Grota gotowka: 1000
Runda: 3
Gracz1 pole: Akwarium *** czekanie: 1 *** 
Gracz2 pole: Blazenki gotowka: 825
Albina pole: Blazenki gotowka: 1105
Runda: 4
Gracz1 pole: Menella gotowka: 944
Gracz2 pole: Start gotowka: 931
Albina pole: Anemonia gotowka: 1155
Runda: 5
Gracz1 pole: Statek gotowka: 929
Gracz2 pole: Aporina gotowka: 711
Albina pole: Grota gotowka: 1155
Runda: 6
Gracz1 pole: Pennatula gotowka: 929
Gracz2 pole: Menella gotowka: 711
Albina pole: Blazenki gotowka: 1260
Runda: 7
Gracz1 pole: Start gotowka: 979
Gracz2 pole: Blazenki gotowka: 816
Albina pole: Anemonia gotowka: 1310
Runda: 8
Gracz1 pole: Wyspa gotowka: 979
Gracz2 pole: Start gotowka: 866
Albina pole: Grota gotowka: 1310
Runda: 9
Gracz1 pole: Akwarium *** czekanie: 3 *** 
Gracz2 pole: Aporina gotowka: 866
Albina pole: Blazenki gotowka: 1415
Runda: 10
Gracz1 pole: Akwarium *** czekanie: 2 *** 
Gracz2 pole: Grota gotowka: 566
Albina pole: Start gotowka: 1465
Runda: 11
Gracz1 pole: Akwarium *** czekanie: 1 *** 
Gracz2 pole: Blazenki gotowka: 671
Albina pole: Wyspa gotowka: 1465
Runda: 12
Gracz1 pole: Laguna gotowka: 1084
Gracz2 pole: Anemonia gotowka: 561
Albina pole: Akwarium *** czekanie: 3 *** 
Runda: 13
Gracz1 pole: Pennatula gotowka: 684
Gracz2 pole: Grota gotowka: 561
Albina pole: Akwarium *** czekanie: 2 *** 
Runda: 14
Gracz1 pole: Start gotowka: 734
Gracz2 pole: Statek gotowka: 296
Albina pole: Akwarium *** czekanie: 1 *** 
Runda: 15
Gracz1 pole: Akwarium *** czekanie: 3 *** 
Gracz2 pole: Pennatula gotowka: 216
Albina pole: Laguna gotowka: 1480
Runda: 16
Gracz1 pole: Akwarium *** czekanie: 2 *** 
Gracz2 pole: Wyspa gotowka: 266
Albina pole: Blazenki gotowka: 1600
Runda: 17
Gracz1 pole: Akwarium *** czekanie: 1 *** 
Gracz2 pole: Grota gotowka: 298
Albina pole: Anemonia gotowka: 1618
Runda: 18
Gracz1 pole: Menella gotowka: 758
Gracz2 pole: Statek gotowka: 459
Albina pole: Grota gotowka: 1498
Runda: 19
Gracz1 pole: Statek gotowka: 643
Gracz2 pole: Rekin gotowka: 379
Albina pole: Blazenki gotowka: 1603
Runda: 20
Gracz1 pole: Pennatula gotowka: 643
Gracz2 pole: Wyspa gotowka: 461
Albina pole: Anemonia gotowka: 1621
Runda: 21
Gracz1 pole: Start gotowka: 693
Gracz2 pole: Grota gotowka: 581
Albina pole: Grota gotowka: 1501
Runda: 22
Gracz1 pole: Wyspa gotowka: 693
Gracz2 pole: Statek gotowka: 566
Albina pole: Blazenki gotowka: 1606
Runda: 23
Gracz1 pole: Akwarium *** czekanie: 3 *** 
Gracz2 pole: Rekin gotowka: 418
Albina pole: Anemonia gotowka: 1624
Runda: 24
Gracz1 pole: Akwarium *** czekanie: 2 *** 
Gracz2 pole: Anemonia gotowka: 468
Albina pole: Akwarium *** czekanie: 3 *** 
Runda: 25
Gracz1 pole: Akwarium *** czekanie: 1 *** 
Gracz2 pole: Grota gotowka: 468
Albina pole: Akwarium *** czekanie: 2 *** 
Runda: 26
Gracz1 pole: Menella gotowka: 637
Gracz2 pole: Statek gotowka: 509
Albina pole: Akwarium *** czekanie: 1 *** 
Runda: 27
Gracz1 pole: Pennatula gotowka: 702
Gracz2 pole: Pennatula gotowka: 429
Albina pole: Laguna gotowka: 1729
Runda: 28
Gracz1 pole: Wyspa gotowka: 832
Gracz2 pole: Start gotowka: 479
Albina pole: Pennatula gotowka: 1649
Runda: 29
Gracz1 pole: Menella gotowka: 776
Gracz2 pole: Wyspa gotowka: 567
Albina pole: Anemonia gotowka: 1667
Runda: 30
Gracz1 pole: Pennatula gotowka: 761
Gracz2 pole: Akwarium *** czekanie: 3 *** 
Albina pole: Akwarium *** czekanie: 3 *** 
Runda: 31
Gracz1 pole: Wyspa gotowka: 811
Gracz2 pole: Akwarium *** czekanie: 2 *** 
Albina pole: Akwarium *** czekanie: 2 *** 
Runda: 32
Gracz1 pole: Akwarium *** czekanie: 3 *** 
Gracz2 pole: Akwarium *** czekanie: 1 *** 
Albina pole: Akwarium *** czekanie: 1 *** 
Runda: 33
Gracz1 pole: Akwarium *** czekanie: 2 *** 
Gracz2 pole: Laguna gotowka: 682
Albina pole: Statek gotowka: 1552
Runda: 34
Gracz1 pole: Akwarium *** czekanie: 1 *** 
Gracz2 pole: Blazenki gotowka: 802
Albina pole: Rekin gotowka: 1372
Runda: 35
Gracz1 pole: Statek gotowka: 696
Gracz2 pole: Rekin gotowka: 722
Albina pole: Wyspa gotowka: 1422
Runda: 36
Gracz1 pole: Start gotowka: 746
Gracz2 pole: Anemonia gotowka: 892
Albina pole: Grota gotowka: 1302
Runda: 37
Gracz1 pole: Akwarium *** czekanie: 3 *** 
Gracz2 pole: Aporina gotowka: 992
Albina pole: Statek gotowka: 1187
Runda: 38
Gracz1 pole: Akwarium *** czekanie: 2 *** 
Gracz2 pole: Laguna gotowka: 1037
Albina pole: Pennatula gotowka: 1107
Runda: 39
Gracz1 pole: Akwarium *** czekanie: 1 *** 
Gracz2 pole: Pennatula gotowka: 957
Albina pole: Wyspa gotowka: 1157
Runda: 40
Gracz1 pole: Menella gotowka: 850
Gracz2 pole: Anemonia gotowka: 1119
Albina pole: Menella gotowka: 1101
Runda: 41
Gracz1 pole: Statek gotowka: 815
Gracz2 pole: Akwarium *** czekanie: 3 *** 
Albina pole: Pennatula gotowka: 1006
Runda: 42
Gracz1 pole: Pennatula gotowka: 815
Gracz2 pole: Akwarium *** czekanie: 2 *** 
Albina pole: Anemonia gotowka: 1024
Runda: 43
Gracz1 pole: Wyspa gotowka: 865
Gracz2 pole: Akwarium *** czekanie: 1 *** 
Albina pole: Aporina gotowka: 980
Runda: 44
Gracz1 pole: Grota gotowka: 745
Gracz2 pole: Statek gotowka: 1520
Albina pole: Grota gotowka: 860
Runda: 45
Gracz1 pole: Statek gotowka: 630
Gracz2 pole: Start gotowka: 1670
Albina pole: Laguna gotowka: 920
Runda: 46
Gracz1 pole: Rekin gotowka: 450
Gracz2 pole: Akwarium *** czekanie: 3 *** 
Albina pole: Blazenki gotowka: 1040
Runda: 47
Gracz1 pole: Wyspa gotowka: 500
Gracz2 pole: Akwarium *** czekanie: 2 *** 
Albina pole: Anemonia gotowka: 1058
Runda: 48
Gracz1 pole: Akwarium *** czekanie: 3 *** 
Gracz2 pole: Akwarium *** czekanie: 1 *** 
Albina pole: Akwarium *** czekanie: 3 *** 
Runda: 49
Gracz1 pole: Akwarium *** czekanie: 2 *** 
Gracz2 pole: Statek gotowka: 1687
Albina pole: Akwarium *** czekanie: 2 *** 
Runda: 50
Gracz1 pole: Akwarium *** czekanie: 1 *** 
Gracz2 pole: Pennatula gotowka: 1607
Albina pole: Akwarium *** czekanie: 1 *** 
Runda: 51
Gracz1 pole: Laguna gotowka: 595
Gracz2 pole: Wyspa gotowka: 1713
Albina pole: Menella gotowka: 1002
Runda: 52
Gracz1 pole: Pennatula gotowka: 595
Gracz2 pole: Menella gotowka: 1813
Albina pole: Statek gotowka: 887
Runda: 53
Gracz1 pole: Anemonia gotowka: 773
Gracz2 pole: Pennatula gotowka: 1750
Albina pole: Pennatula gotowka: 807
Runda: 54
Gracz1 pole: Akwarium *** czekanie: 3 *** 
Gracz2 pole: Wyspa gotowka: 1800
Albina pole: Start gotowka: 857
Runda: 55
Gracz1 pole: Akwarium *** czekanie: 2 *** 
Gracz2 pole: Grota gotowka: 1800
Albina pole: Akwarium *** czekanie: 3 *** 
Runda: 56
Gracz1 pole: Akwarium *** czekanie: 1 *** 
Gracz2 pole: Laguna gotowka: 1830
Albina pole: Akwarium *** czekanie: 2 *** 
Runda: 57
Gracz1 pole: Laguna gotowka: 773
Gracz2 pole: Rekin gotowka: 1650
Albina pole: Akwarium *** czekanie: 1 *** 
Runda: 58
Gracz1 pole: Blazenki gotowka: 893
Gracz2 pole: Wyspa gotowka: 1800
Albina pole: Statek gotowka: 742
Runda: 59
Gracz1 pole: Rekin gotowka: 713
Gracz2 pole: Grota gotowka: 1800
Albina pole: Start gotowka: 792
Runda: 60
Gracz1 pole: Anemonia gotowka: 731
Gracz2 pole: Statek gotowka: 1817
Albina pole: Akwarium *** czekanie: 3 *** 
Runda: 61
Gracz1 pole: Aporina gotowka: 687
Gracz2 pole: Rekin gotowka: 1681
Albina pole: Akwarium *** czekanie: 2 *** 
Runda: 62
Gracz1 pole: Laguna gotowka: 717
Gracz2 pole: Anemonia gotowka: 1731
Albina pole: Akwarium *** czekanie: 1 *** 
Runda: 63
Gracz1 pole: Pennatula gotowka: 717
Gracz2 pole: Grota gotowka: 1787
Albina pole: Menella gotowka: 736
Runda: 64
Gracz1 pole: Anemonia gotowka: 735
Gracz2 pole: Blazenki gotowka: 2024
Albina pole: Statek gotowka: 621
Runda: 65
Gracz1 pole: Akwarium *** czekanie: 3 *** 
Gracz2 pole: Anemonia gotowka: 2074
Albina pole: Pennatula gotowka: 541
Runda: 66
Gracz1 pole: Akwarium *** czekanie: 2 *** 
Gracz2 pole: Akwarium *** czekanie: 3 *** 
Albina pole: Wyspa gotowka: 591
Runda: 67
Gracz1 pole: Akwarium *** czekanie: 1 *** 
Gracz2 pole: Akwarium *** czekanie: 2 *** 
Albina pole: Akwarium *** czekanie: 3 *** 
Runda: 68
Gracz1 pole: Laguna gotowka: 845
Gracz2 pole: Akwarium *** czekanie: 1 *** 
Albina pole: Akwarium *** czekanie: 2 *** 
Runda: 69
Gracz1 pole: Rekin gotowka: 665
Gracz2 pole: Menella gotowka: 2074
Albina pole: Akwarium *** czekanie: 1 *** 
Runda: 70
Gracz1 pole: Wyspa gotowka: 795
Gracz2 pole: Pennatula gotowka: 2035
Albina pole: Menella gotowka: 535
Runda: 71
Gracz1 pole: Grota gotowka: 675
Gracz2 pole: Wyspa gotowka: 2305
Albina pole: Statek gotowka: 420
Runda: 72
Gracz1 pole: Statek gotowka: 640
Gracz2 pole: Menella gotowka: 2405
Albina pole: Pennatula gotowka: 340
Runda: 73
Gracz1 pole: Rekin gotowka: 540
Gracz2 pole: Pennatula gotowka: 2310
Albina pole: Start gotowka: 390
Runda: 74
Gracz1 pole: Wyspa gotowka: 590
Gracz2 pole: Wyspa gotowka: 2360
Albina pole: Wyspa gotowka: 390
Runda: 75
Gracz1 pole: Grota gotowka: 470
Gracz2 pole: Menella gotowka: 2480
Albina pole: Akwarium *** czekanie: 3 *** 
Runda: 76
Gracz1 pole: Statek gotowka: 435
Gracz2 pole: Pennatula gotowka: 2485
Albina pole: Akwarium *** czekanie: 2 *** 
Runda: 77
Gracz1 pole: Pennatula gotowka: 435
Gracz2 pole: Anemonia gotowka: 2535
Albina pole: Akwarium *** czekanie: 1 *** 
Runda: 78
Gracz1 pole: Wyspa gotowka: 485
Gracz2 pole: Aporina gotowka: 2535
Albina pole: Laguna gotowka: 480
Runda: 79
Gracz1 pole: Menella gotowka: 509
Gracz2 pole: Grota gotowka: 2591
Albina pole: Pennatula gotowka: 400
Runda: 80
Gracz1 pole: Pennatula gotowka: 494
Gracz2 pole: Laguna gotowka: 2638
Albina pole: Anemonia gotowka: 418
Runda: 81
Gracz1 pole: Wyspa gotowka: 544
Gracz2 pole: Blazenki gotowka: 2758
Albina pole: Akwarium *** czekanie: 3 *** 
Runda: 82
Gracz1 pole: Menella gotowka: 488
Gracz2 pole: Rekin gotowka: 2634
Albina pole: Akwarium *** czekanie: 2 *** 
Runda: 83
Gracz1 pole: Blazenki gotowka: 593
Gracz2 pole: Aporina gotowka: 2684
Albina pole: Akwarium *** czekanie: 1 *** 
Runda: 84
Gracz1 pole: Rekin gotowka: 413
Gracz2 pole: Menella gotowka: 2784
Albina pole: Statek gotowka: 303
Runda: 85
Gracz1 pole: Anemonia gotowka: 431
Gracz2 pole: Blazenki gotowka: 2921
Albina pole: Start gotowka: 353
Runda: 86
Gracz1 pole: Aporina gotowka: 387
Gracz2 pole: Start gotowka: 3015
Albina pole: Akwarium *** czekanie: 3 *** 
Runda: 87
Gracz1 pole: Grota gotowka: 267
Gracz2 pole: Aporina gotowka: 3135
Albina pole: Akwarium *** czekanie: 2 *** 
Runda: 88
Gracz1 pole: Blazenki gotowka: 372
Gracz2 pole: Grota gotowka: 3135
Albina pole: Akwarium *** czekanie: 1 *** 
Runda: 89
Gracz1 pole: Start gotowka: 422
Gracz2 pole: Blazenki gotowka: 3296
Albina pole: Menella gotowka: 297
Runda: 90
Gracz1 pole: Aporina gotowka: 378
Gracz2 pole: Anemonia gotowka: 3490
Albina pole: Statek gotowka: 182
Runda: 91
Gracz1 pole: Menella gotowka: 402
Gracz2 pole: Grota gotowka: 3546
Albina pole: Pennatula gotowka: 102
Runda: 92
Gracz1 pole: Blazenki gotowka: 507
Gracz2 pole: Blazenki gotowka: 3651
Albina pole: Start gotowka: 152
Runda: 93
Gracz1 pole: Start gotowka: 557
Gracz2 pole: Anemonia gotowka: 3701
Albina pole: Wyspa gotowka: 152
Runda: 94
Gracz1 pole: Aporina gotowka: 513
Gracz2 pole: Grota gotowka: 3745
Albina pole: Akwarium *** czekanie: 3 *** 
Runda: 95
Gracz1 pole: Menella gotowka: 457
Gracz2 pole: Blazenki gotowka: 3906
Albina pole: Akwarium *** czekanie: 2 *** 
Runda: 96
Gracz1 pole: Statek gotowka: 342
Gracz2 pole: Start gotowka: 4056
Albina pole: Akwarium *** czekanie: 1 *** 
Runda: 97
Gracz1 pole: Start gotowka: 392
Gracz2 pole: Wyspa gotowka: 4056
Albina pole: Laguna gotowka: 302
Runda: 98
Gracz1 pole: Akwarium *** czekanie: 3 *** 
Gracz2 pole: Akwarium *** czekanie: 3 *** 
Albina pole: Pennatula gotowka: 222
Runda: 99
Gracz1 pole: Akwarium *** czekanie: 2 *** 
Gracz2 pole: Akwarium *** czekanie: 2 *** 
Albina pole: Wyspa gotowka: 272
Runda: 100
Gracz1 pole: Akwarium *** czekanie: 1 *** 
Gracz2 pole: Akwarium *** czekanie: 1 *** 
Albina pole: Akwarium *** czekanie: 3 *** 
