Runda: 1
Gracz1 pole: Wyspa gotowka: 1000
Gracz2 pole: Aporina gotowka: 780
Albina pole: Akwarium *** czekanie: 3 *** 
Runda: 2
Gracz1 pole: Akwarium *** czekanie: 3 *** 
Gracz2 pole: Menella gotowka: 500
Albina pole: Akwarium *** czekanie: 2 *** 
Runda: 3
Gracz1 pole: Akwarium *** czekanie: 2 *** 
Gracz2 pole: Pennatula gotowka: 85
Albina pole: Akwarium *** czekanie: 1 *** 
Runda: 4
Gracz1 pole: Akwarium *** czekanie: 1 *** 
Gracz2 pole: Start gotowka: 135
Albina pole: Laguna gotowka: 1015
Runda: 5
Gracz1 pole: Statek gotowka: 985
Gracz2 pole: Wyspa gotowka: 215
Albina pole: Pennatula gotowka: 935
Runda: 6
Gracz1 pole: Start gotowka: 1035
Gracz2 pole: Akwarium *** czekanie: 3 *** 
Albina pole: Anemonia gotowka: 985
Runda: 7
Gracz1 pole: Akwarium *** czekanie: 3 *** 
Gracz2 pole: Akwarium *** czekanie: 2 *** 
Albina pole: Aporina gotowka: 941
Runda: 8
Gracz1 pole: Akwarium *** czekanie: 2 *** 
Gracz2 pole: Akwarium *** czekanie: 1 *** 
Albina pole: Menella gotowka: 885
Runda: 9
Gracz1 pole: Akwarium *** czekanie: 1 *** 
Gracz2 pole: Statek gotowka: 150
Albina pole: Statek gotowka: 770
Runda: 10
Gracz1 pole: Laguna gotowka: 1080
Gracz2 pole: Start gotowka: 280
Albina pole: Pennatula gotowka: 690
Runda: 11
Gracz1 pole: Pennatula gotowka: 1000
Gracz2 pole: Akwarium *** czekanie: 3 *** 
Albina pole: Start gotowka: 740
Runda: 12
Gracz1 pole: Anemonia gotowka: 1050
Gracz2 pole: Akwarium *** czekanie: 2 *** 
Albina pole: Akwarium *** czekanie: 3 *** 
Runda: 13
Gracz1 pole: Aporina gotowka: 1006
Gracz2 pole: Akwarium *** czekanie: 1 *** 
Albina pole: Akwarium *** czekanie: 2 *** 
Runda: 14
Gracz1 pole: Menella gotowka: 950
Gracz2 pole: Statek gotowka: 445
Albina pole: Akwarium *** czekanie: 1 *** 
Runda: 15
Gracz1 pole: Statek gotowka: 835
Gracz2 pole: Rekin gotowka: 465
Albina pole: Statek gotowka: 625
Runda: 16
Gracz1 pole: Pennatula gotowka: 755
Gracz2 pole: Wyspa gotowka: 595
Albina pole: Start gotowka: 675
Runda: 17
Gracz1 pole: Start gotowka: 805
Gracz2 pole: Grota gotowka: 295
Albina pole: Akwarium *** czekanie: 3 *** 
Runda: 18
Gracz1 pole: Wyspa gotowka: 805
Gracz2 pole: Statek gotowka: 280
Albina pole: Akwarium *** czekanie: 2 *** 
Runda: 19
Gracz1 pole: Menella gotowka: 749
Gracz2 pole: Pennatula gotowka: 336
Albina pole: Akwarium *** czekanie: 1 *** 
Runda: 20
Gracz1 pole: Blazenki gotowka: 854
Gracz2 pole: Wyspa gotowka: 442
Albina pole: Menella gotowka: 619
Runda: 21
Gracz1 pole: Start gotowka: 904
Gracz2 pole: Menella gotowka: 542
Albina pole: Statek gotowka: 504
Runda: 22
Gracz1 pole: Aporina gotowka: 860
Gracz2 pole: Pennatula gotowka: 651
Albina pole: Pennatula gotowka: 424
Runda: 23
Gracz1 pole: Menella gotowka: 804
Gracz2 pole: Wyspa gotowka: 757
Albina pole: Start gotowka: 474
Runda: 24
Gracz1 pole: Blazenki gotowka: 909
Gracz2 pole: Menella gotowka: 757
Albina pole: Wyspa gotowka: 474
Runda: 25
Gracz1 pole: Start gotowka: 959
Gracz2 pole: Pennatula gotowka: 742
Albina pole: Akwarium *** czekanie: 3 *** 
Runda: 26
Gracz1 pole: Aporina gotowka: 915
Gracz2 pole: Wyspa gotowka: 836
Albina pole: Akwarium *** czekanie: 2 *** 
Runda: 27
Gracz1 pole: Grota gotowka: 795
Gracz2 pole: Grota gotowka: 956
Albina pole: Akwarium *** czekanie: 1 *** 
Runda: 28
Gracz1 pole: Blazenki gotowka: 900
Gracz2 pole: Laguna gotowka: 1106
Albina pole: Laguna gotowka: 474
Runda: 29
Gracz1 pole: Anemonia gotowka: 790
Gracz2 pole: Blazenki gotowka: 1306
Albina pole: Pennatula gotowka: 394
Runda: 30
Gracz1 pole: Grota gotowka: 702
Gracz2 pole: Rekin gotowka: 1246
Albina pole: Anemonia gotowka: 412
Runda: 31
Gracz1 pole: Blazenki gotowka: 839
Gracz2 pole: Anemonia gotowka: 1264
Albina pole: Akwarium *** czekanie: 3 *** 
Runda: 32
Gracz1 pole: Anemonia gotowka: 889
Gracz2 pole: Aporina gotowka: 1264
Albina pole: Akwarium *** czekanie: 2 *** 
Runda: 33
Gracz1 pole: Akwarium *** czekanie: 3 *** 
Gracz2 pole: Laguna gotowka: 1279
Albina pole: Akwarium *** czekanie: 1 *** 
Runda: 34
Gracz1 pole: Akwarium *** czekanie: 2 *** 
Gracz2 pole: Blazenki gotowka: 1399
Albina pole: Laguna gotowka: 412
Runda: 35
Gracz1 pole: Akwarium *** czekanie: 1 *** 
Gracz2 pole: Anemonia gotowka: 1417
Albina pole: Blazenki gotowka: 532
Runda: 36
Gracz1 pole: Laguna gotowka: 921
Gracz2 pole: Grota gotowka: 1417
Albina pole: Rekin gotowka: 352
Runda: 37
Gracz1 pole: Pennatula gotowka: 873
Gracz2 pole: Blazenki gotowka: 1602
Albina pole: Anemonia gotowka: 370
Runda: 38
Gracz1 pole: Anemonia gotowka: 955
Gracz2 pole: Anemonia gotowka: 1664
Albina pole: Aporina gotowka: 326
Runda: 39
Gracz1 pole: Akwarium *** czekanie: 3 *** 
Gracz2 pole: Grota gotowka: 1784
Albina pole: Grota gotowka: 206
Runda: 40
Gracz1 pole: Akwarium *** czekanie: 2 *** 
Gracz2 pole: Statek gotowka: 1769
Albina pole: Blazenki gotowka: 311
Runda: 41
Gracz1 pole: Akwarium *** czekanie: 1 *** 
Gracz2 pole: Pennatula gotowka: 1769
Albina pole: Start gotowka: 361
Runda: 42
Gracz1 pole: Statek gotowka: 840
Gracz2 pole: Start gotowka: 1963
Albina pole: Aporina gotowka: 317
Runda: 43
Gracz1 pole: Start gotowka: 890
Gracz2 pole: Wyspa gotowka: 2019
Albina pole: Menella gotowka: 261
Runda: 44
Gracz1 pole: Akwarium *** czekanie: 3 *** 
Gracz2 pole: Akwarium *** czekanie: 3 *** 
Albina pole: Blazenki gotowka: 366
Runda: 45
Gracz1 pole: Akwarium *** czekanie: 2 *** 
Gracz2 pole: Akwarium *** czekanie: 2 *** 
Albina pole: Anemonia gotowka: 384
Runda: 46
Gracz1 pole: Akwarium *** czekanie: 1 *** 
Gracz2 pole: Akwarium *** czekanie: 1 *** 
Albina pole: Aporina gotowka: 340
Runda: 47
Gracz1 pole: Laguna gotowka: 997
Gracz2 pole: Statek gotowka: 2168
Albina pole: Grota gotowka: 220
Runda: 48
Gracz1 pole: Pennatula gotowka: 917
Gracz2 pole: Start gotowka: 2298
Albina pole: Laguna gotowka: 235
Runda: 49
Gracz1 pole: Anemonia gotowka: 967
Gracz2 pole: Akwarium *** czekanie: 3 *** 
Albina pole: Blazenki gotowka: 355
Runda: 50
Gracz1 pole: Akwarium *** czekanie: 3 *** 
Gracz2 pole: Akwarium *** czekanie: 2 *** 
Albina pole: Anemonia gotowka: 373
Runda: 51
Gracz1 pole: Akwarium *** czekanie: 2 *** 
Gracz2 pole: Akwarium *** czekanie: 1 *** 
Albina pole: Aporina gotowka: 329
Runda: 52
Gracz1 pole: Akwarium *** czekanie: 1 *** 
Gracz2 pole: Laguna gotowka: 2342
Albina pole: Laguna gotowka: 329
Runda: 53
Gracz1 pole: Menella gotowka: 943
Gracz2 pole: Pennatula gotowka: 2398
Albina pole: Rekin gotowka: 149
Runda: 54
Gracz1 pole: Statek gotowka: 860
Gracz2 pole: Anemonia gotowka: 2560
Albina pole: Aporina gotowka: 155
Runda: 55
Gracz1 pole: Pennatula gotowka: 780
Gracz2 pole: Akwarium *** czekanie: 3 *** 
Albina pole: Laguna gotowka: 170
Runda: 56
Gracz1 pole: Start gotowka: 830
Gracz2 pole: Akwarium *** czekanie: 2 *** 
Albina pole: Pennatula gotowka: 90
Runda: 57
Gracz1 pole: Akwarium *** czekanie: 3 *** 
Gracz2 pole: Akwarium *** czekanie: 1 *** 
Albina pole: Start gotowka: 140
Runda: 58
Gracz1 pole: Akwarium *** czekanie: 2 *** 
Gracz2 pole: Laguna gotowka: 2720
Albina pole: Akwarium *** czekanie: 3 *** 
Runda: 59
Gracz1 pole: Akwarium *** czekanie: 1 *** 
Gracz2 pole: Blazenki gotowka: 2840
Albina pole: Akwarium *** czekanie: 2 *** 
Runda: 60
Gracz1 pole: Laguna gotowka: 862
Gracz2 pole: Anemonia gotowka: 2858
Albina pole: Akwarium *** czekanie: 1 *** 
Runda: 61
Gracz1 pole: Blazenki gotowka: 982
Gracz2 pole: Akwarium *** czekanie: 3 *** 
Albina pole: Statek gotowka: 25
Runda: 62
Gracz1 pole: Rekin gotowka: 802
Gracz2 pole: Akwarium *** czekanie: 2 *** 
Albina *** bankrut *** 
Runda: 63
Gracz1 pole: Aporina gotowka: 808
Gracz2 pole: Akwarium *** czekanie: 1 *** 
Albina *** bankrut *** 
Runda: 64
Gracz1 pole: Grota gotowka: 688
Gracz2 pole: Laguna gotowka: 3137
Albina *** bankrut *** 
Runda: 65
Gracz1 pole: Blazenki gotowka: 793
Gracz2 pole: Blazenki gotowka: 3257
Albina *** bankrut *** 
Runda: 66
Gracz1 pole: Start gotowka: 875
Gracz2 pole: Anemonia gotowka: 3275
Albina *** bankrut *** 
Runda: 67
Gracz1 pole: Wyspa gotowka: 875
Gracz2 pole: Akwarium *** czekanie: 3 *** 
Albina *** bankrut *** 
Runda: 68
Gracz1 pole: Menella gotowka: 819
Gracz2 pole: Akwarium *** czekanie: 2 *** 
Albina *** bankrut *** 
Runda: 69
Gracz1 pole: Statek gotowka: 704
Gracz2 pole: Akwarium *** czekanie: 1 *** 
Albina *** bankrut *** 
Runda: 70
Gracz1 pole: Rekin gotowka: 524
Gracz2 pole: Statek gotowka: 3416
Albina *** bankrut *** 
Runda: 71
Gracz1 pole: Anemonia gotowka: 574
Gracz2 pole: Rekin gotowka: 3236
Albina *** bankrut *** 
Runda: 72
Gracz1 pole: Grota gotowka: 486
Gracz2 pole: Anemonia gotowka: 3374
Albina *** bankrut *** 
Runda: 73
Gracz1 pole: Statek gotowka: 371
Gracz2 pole: Grota gotowka: 3474
Albina *** bankrut *** 
Runda: 74
Gracz1 pole: Pennatula gotowka: 291
Gracz2 pole: Statek gotowka: 3539
Albina *** bankrut *** 
Runda: 75
Gracz1 pole: Wyspa gotowka: 341
Gracz2 pole: Pennatula gotowka: 3539
Albina *** bankrut *** 
Runda: 76
Gracz1 pole: Grota gotowka: 221
Gracz2 pole: Wyspa gotowka: 3709
Albina *** bankrut *** 
Runda: 77
Gracz1 pole: Laguna gotowka: 296
Gracz2 pole: Grota gotowka: 3709
Albina *** bankrut *** 
Runda: 78
Gracz1 pole: Rekin gotowka: 116
Gracz2 pole: Laguna gotowka: 3709
Albina *** bankrut *** 
Runda: 79
Gracz1 pole: Wyspa gotowka: 166
Gracz2 pole: Rekin gotowka: 3529
Albina *** bankrut *** 
Runda: 80
Gracz1 pole: Akwarium *** czekanie: 3 *** 
Gracz2 pole: Wyspa gotowka: 3579
Albina *** bankrut *** 
Runda: 81
Gracz1 pole: Akwarium *** czekanie: 2 *** 
Gracz2 pole: Menella gotowka: 3579
Albina *** bankrut *** 
Runda: 82
Gracz1 pole: Akwarium *** czekanie: 1 *** 
Gracz2 pole: Statek gotowka: 3564
Albina *** bankrut *** 
Runda: 83
Gracz1 pole: Laguna gotowka: 181
Gracz2 pole: Start gotowka: 3614
Albina *** bankrut *** 
Runda: 84
Gracz1 pole: Blazenki gotowka: 301
Gracz2 pole: Aporina gotowka: 3614
Albina *** bankrut *** 
Runda: 85
Gracz1 pole: Anemonia gotowka: 351
Gracz2 pole: Grota gotowka: 3614
Albina *** bankrut *** 
Runda: 86
Gracz1 pole: Akwarium *** czekanie: 3 *** 
Gracz2 pole: Blazenki gotowka: 3719
Albina *** bankrut *** 
Runda: 87
Gracz1 pole: Akwarium *** czekanie: 2 *** 
Gracz2 pole: Rekin gotowka: 3539
Albina *** bankrut *** 
Runda: 88
Gracz1 pole: Akwarium *** czekanie: 1 *** 
Gracz2 pole: Wyspa gotowka: 3589
Albina *** bankrut *** 
Runda: 89
Gracz1 pole: Statek gotowka: 236
Gracz2 pole: Akwarium *** czekanie: 3 *** 
Albina *** bankrut *** 
Runda: 90
Gracz1 pole: Rekin gotowka: 56
Gracz2 pole: Akwarium *** czekanie: 2 *** 
Albina *** bankrut *** 
Runda: 91
Gracz1 pole: Aporina gotowka: 62
Gracz2 pole: Akwarium *** czekanie: 1 *** 
Albina *** bankrut *** 
Runda: 92
Gracz1 *** bankrut *** 
Gracz2 pole: Akwarium *** czekanie: 1 *** 
Albina *** bankrut *** 
