Runda: 1
Gracz1 pole: Wyspa gotowka: 1000
Gracz2 pole: Aporina gotowka: 780
Albina pole: Akwarium *** czekanie: 3 *** 
Runda: 2
Gracz1 pole: Akwarium *** czekanie: 3 *** 
Gracz2 pole: Menella gotowka: 500
Albina pole: Akwarium *** czekanie: 2 *** 
Runda: 3
Gracz1 pole: Akwarium *** czekanie: 2 *** 
Gracz2 pole: Pennatula gotowka: 85
Albina pole: Akwarium *** czekanie: 1 *** 
Runda: 4
Gracz1 pole: Akwarium *** czekanie: 1 *** 
Gracz2 pole: Start gotowka: 135
Albina pole: Laguna gotowka: 1015
Runda: 5
Gracz1 pole: Statek gotowka: 985
Gracz2 pole: Wyspa gotowka: 215
Albina pole: Pennatula gotowka: 935
Runda: 6
Gracz1 pole: Start gotowka: 1035
Gracz2 pole: Akwarium *** czekanie: 3 *** 
Albina pole: Anemonia gotowka: 825
Runda: 7
Gracz1 pole: Akwarium *** czekanie: 3 *** 
Gracz2 pole: Akwarium *** czekanie: 2 *** 
Albina pole: Aporina gotowka: 781
Runda: 8
Gracz1 pole: Akwarium *** czekanie: 2 *** 
Gracz2 pole: Akwarium *** czekanie: 1 *** 
Albina pole: Menella gotowka: 725
Runda: 9
Gracz1 pole: Akwarium *** czekanie: 1 *** 
Gracz2 pole: Statek gotowka: 150
Albina pole: Statek gotowka: 610
Runda: 10
Gracz1 pole: Laguna gotowka: 1080
Gracz2 pole: Start gotowka: 280
Albina pole: Pennatula gotowka: 530
Runda: 11
Gracz1 pole: Pennatula gotowka: 1000
Gracz2 pole: Akwarium *** czekanie: 3 *** 
Albina pole: Start gotowka: 580
Runda: 12
Gracz1 pole: Anemonia gotowka: 1018
Gracz2 pole: Akwarium *** czekanie: 2 *** 
Albina pole: Akwarium *** czekanie: 3 *** 
Runda: 13
Gracz1 pole: Aporina gotowka: 974
Gracz2 pole: Akwarium *** czekanie: 1 *** 
Albina pole: Akwarium *** czekanie: 2 *** 
Runda: 14
Gracz1 pole: Menella gotowka: 918
Gracz2 pole: Statek gotowka: 445
Albina pole: Akwarium *** czekanie: 1 *** 
Runda: 15
Gracz1 pole: Statek gotowka: 803
Gracz2 pole: Rekin gotowka: 465
Albina pole: Statek gotowka: 497
Runda: 16
Gracz1 pole: Pennatula gotowka: 723
Gracz2 pole: Wyspa gotowka: 595
Albina pole: Start gotowka: 547
Runda: 17
Gracz1 pole: Start gotowka: 773
Gracz2 pole: Grota gotowka: 295
Albina pole: Akwarium *** czekanie: 3 *** 
Runda: 18
Gracz1 pole: Wyspa gotowka: 773
Gracz2 pole: Statek gotowka: 280
Albina pole: Akwarium *** czekanie: 2 *** 
Runda: 19
Gracz1 pole: Menella gotowka: 717
Gracz2 pole: Pennatula gotowka: 336
Albina pole: Akwarium *** czekanie: 1 *** 
Runda: 20
Gracz1 pole: Blazenki gotowka: 822
Gracz2 pole: Wyspa gotowka: 442
Albina pole: Menella gotowka: 491
Runda: 21
Gracz1 pole: Start gotowka: 872
Gracz2 pole: Menella gotowka: 542
Albina pole: Statek gotowka: 376
Runda: 22
Gracz1 pole: Aporina gotowka: 828
Gracz2 pole: Pennatula gotowka: 651
Albina pole: Pennatula gotowka: 296
Runda: 23
Gracz1 pole: Menella gotowka: 772
Gracz2 pole: Wyspa gotowka: 757
Albina pole: Start gotowka: 346
Runda: 24
Gracz1 pole: Blazenki gotowka: 877
Gracz2 pole: Menella gotowka: 757
Albina pole: Wyspa gotowka: 346
Runda: 25
Gracz1 pole: Start gotowka: 927
Gracz2 pole: Pennatula gotowka: 742
Albina pole: Akwarium *** czekanie: 3 *** 
Runda: 26
Gracz1 pole: Aporina gotowka: 883
Gracz2 pole: Wyspa gotowka: 836
Albina pole: Akwarium *** czekanie: 2 *** 
Runda: 27
Gracz1 pole: Grota gotowka: 763
Gracz2 pole: Grota gotowka: 956
Albina pole: Akwarium *** czekanie: 1 *** 
Runda: 28
Gracz1 pole: Blazenki gotowka: 868
Gracz2 pole: Laguna gotowka: 1106
Albina pole: Laguna gotowka: 346
Runda: 29
Gracz1 pole: Anemonia gotowka: 886
Gracz2 pole: Blazenki gotowka: 1306
Albina pole: Pennatula gotowka: 298
Runda: 30
Gracz1 pole: Grota gotowka: 766
Gracz2 pole: Rekin gotowka: 1246
Albina pole: Anemonia gotowka: 348
Runda: 31
Gracz1 pole: Blazenki gotowka: 871
Gracz2 pole: Anemonia gotowka: 1264
Albina pole: Akwarium *** czekanie: 3 *** 
Runda: 32
Gracz1 pole: Anemonia gotowka: 889
Gracz2 pole: Aporina gotowka: 1264
Albina pole: Akwarium *** czekanie: 2 *** 
Runda: 33
Gracz1 pole: Akwarium *** czekanie: 3 *** 
Gracz2 pole: Laguna gotowka: 1279
Albina pole: Akwarium *** czekanie: 1 *** 
Runda: 34
Gracz1 pole: Akwarium *** czekanie: 2 *** 
Gracz2 pole: Blazenki gotowka: 1399
Albina pole: Laguna gotowka: 412
Runda: 35
Gracz1 pole: Akwarium *** czekanie: 1 *** 
Gracz2 pole: Anemonia gotowka: 1417
Albina pole: Blazenki gotowka: 564
Runda: 36
Gracz1 pole: Laguna gotowka: 889
Gracz2 pole: Grota gotowka: 1417
Albina pole: Rekin gotowka: 384
Runda: 37
Gracz1 pole: Pennatula gotowka: 809
Gracz2 pole: Blazenki gotowka: 1602
Albina pole: Anemonia gotowka: 434
Runda: 38
Gracz1 pole: Anemonia gotowka: 827
Gracz2 pole: Anemonia gotowka: 1664
Albina pole: Aporina gotowka: 454
Runda: 39
Gracz1 pole: Akwarium *** czekanie: 3 *** 
Gracz2 pole: Grota gotowka: 1784
Albina pole: Grota gotowka: 334
Runda: 40
Gracz1 pole: Akwarium *** czekanie: 2 *** 
Gracz2 pole: Statek gotowka: 1769
Albina pole: Blazenki gotowka: 439
Runda: 41
Gracz1 pole: Akwarium *** czekanie: 1 *** 
Gracz2 pole: Pennatula gotowka: 1769
Albina pole: Start gotowka: 489
Runda: 42
Gracz1 pole: Statek gotowka: 712
Gracz2 pole: Start gotowka: 1963
Albina pole: Aporina gotowka: 445
Runda: 43
Gracz1 pole: Start gotowka: 762
Gracz2 pole: Wyspa gotowka: 2019
Albina pole: Menella gotowka: 389
Runda: 44
Gracz1 pole: Akwarium *** czekanie: 3 *** 
Gracz2 pole: Akwarium *** czekanie: 3 *** 
Albina pole: Blazenki gotowka: 494
Runda: 45
Gracz1 pole: Akwarium *** czekanie: 2 *** 
Gracz2 pole: Akwarium *** czekanie: 2 *** 
Albina pole: Anemonia gotowka: 544
Runda: 46
Gracz1 pole: Akwarium *** czekanie: 1 *** 
Gracz2 pole: Akwarium *** czekanie: 1 *** 
Albina pole: Aporina gotowka: 500
Runda: 47
Gracz1 pole: Laguna gotowka: 837
Gracz2 pole: Statek gotowka: 2168
Albina pole: Grota gotowka: 380
Runda: 48
Gracz1 pole: Pennatula gotowka: 757
Gracz2 pole: Start gotowka: 2298
Albina pole: Laguna gotowka: 395
Runda: 49
Gracz1 pole: Anemonia gotowka: 775
Gracz2 pole: Akwarium *** czekanie: 3 *** 
Albina pole: Blazenki gotowka: 547
Runda: 50
Gracz1 pole: Akwarium *** czekanie: 3 *** 
Gracz2 pole: Akwarium *** czekanie: 2 *** 
Albina pole: Anemonia gotowka: 597
Runda: 51
Gracz1 pole: Akwarium *** czekanie: 2 *** 
Gracz2 pole: Akwarium *** czekanie: 1 *** 
Albina pole: Aporina gotowka: 553
Runda: 52
Gracz1 pole: Akwarium *** czekanie: 1 *** 
Gracz2 pole: Laguna gotowka: 2342
Albina pole: Laguna gotowka: 553
Runda: 53
Gracz1 pole: Menella gotowka: 719
Gracz2 pole: Pennatula gotowka: 2398
Albina pole: Rekin gotowka: 373
Runda: 54
Gracz1 pole: Statek gotowka: 604
Gracz2 pole: Anemonia gotowka: 2560
Albina pole: Aporina gotowka: 411
Runda: 55
Gracz1 pole: Pennatula gotowka: 524
Gracz2 pole: Akwarium *** czekanie: 3 *** 
Albina pole: Laguna gotowka: 426
Runda: 56
Gracz1 pole: Start gotowka: 574
Gracz2 pole: Akwarium *** czekanie: 2 *** 
Albina pole: Pennatula gotowka: 346
Runda: 57
Gracz1 pole: Akwarium *** czekanie: 3 *** 
Gracz2 pole: Akwarium *** czekanie: 1 *** 
Albina pole: Start gotowka: 396
Runda: 58
Gracz1 pole: Akwarium *** czekanie: 2 *** 
Gracz2 pole: Laguna gotowka: 2720
Albina pole: Akwarium *** czekanie: 3 *** 
Runda: 59
Gracz1 pole: Akwarium *** czekanie: 1 *** 
Gracz2 pole: Blazenki gotowka: 2840
Albina pole: Akwarium *** czekanie: 2 *** 
Runda: 60
Gracz1 pole: Laguna gotowka: 574
Gracz2 pole: Anemonia gotowka: 2858
Albina pole: Akwarium *** czekanie: 1 *** 
Runda: 61
Gracz1 pole: Blazenki gotowka: 694
Gracz2 pole: Akwarium *** czekanie: 3 *** 
Albina pole: Statek gotowka: 313
Runda: 62
Gracz1 pole: Rekin gotowka: 514
Gracz2 pole: Akwarium *** czekanie: 2 *** 
Albina pole: Rekin gotowka: 133
Runda: 63
Gracz1 pole: Aporina gotowka: 520
Gracz2 pole: Akwarium *** czekanie: 1 *** 
Albina pole: Anemonia gotowka: 183
Runda: 64
Gracz1 pole: Menella gotowka: 464
Gracz2 pole: Statek gotowka: 3087
Albina pole: Aporina gotowka: 139
Runda: 65
Gracz1 pole: Blazenki gotowka: 569
Gracz2 pole: Start gotowka: 3257
Albina pole: Grota gotowka: 19
Runda: 66
Gracz1 pole: Start gotowka: 619
Gracz2 pole: Akwarium *** czekanie: 3 *** 
Albina pole: Laguna gotowka: 64
Runda: 67
Gracz1 pole: Aporina gotowka: 575
Gracz2 pole: Akwarium *** czekanie: 2 *** 
Albina *** bankrut *** 
Runda: 68
Gracz1 pole: Grota gotowka: 455
Gracz2 pole: Akwarium *** czekanie: 1 *** 
Albina *** bankrut *** 
Runda: 69
Gracz1 pole: Statek gotowka: 340
Gracz2 pole: Statek gotowka: 3506
Albina *** bankrut *** 
Runda: 70
Gracz1 pole: Pennatula gotowka: 260
Gracz2 pole: Rekin gotowka: 3406
Albina *** bankrut *** 
Runda: 71
Gracz1 pole: Wyspa gotowka: 310
Gracz2 pole: Anemonia gotowka: 3296
Albina *** bankrut *** 
Runda: 72
Gracz1 pole: Grota gotowka: 190
Gracz2 pole: Grota gotowka: 3416
Albina *** bankrut *** 
Runda: 73
Gracz1 pole: Laguna gotowka: 220
Gracz2 pole: Statek gotowka: 3401
Albina *** bankrut *** 
Runda: 74
Gracz1 pole: Rekin gotowka: 40
Gracz2 pole: Pennatula gotowka: 3401
Albina *** bankrut *** 
Runda: 75
Gracz1 pole: Wyspa gotowka: 90
Gracz2 pole: Wyspa gotowka: 3451
Albina *** bankrut *** 
Runda: 76
Gracz1 pole: Akwarium *** czekanie: 3 *** 
Gracz2 pole: Grota gotowka: 3451
Albina *** bankrut *** 
Runda: 77
Gracz1 pole: Akwarium *** czekanie: 2 *** 
Gracz2 pole: Blazenki gotowka: 3556
Albina *** bankrut *** 
Runda: 78
Gracz1 pole: Akwarium *** czekanie: 1 *** 
Gracz2 pole: Rekin gotowka: 3376
Albina *** bankrut *** 
Runda: 79
Gracz1 pole: Laguna gotowka: 120
Gracz2 pole: Aporina gotowka: 3426
Albina *** bankrut *** 
Runda: 80
Gracz1 pole: Blazenki gotowka: 240
Gracz2 pole: Menella gotowka: 3426
Albina *** bankrut *** 
Runda: 81
Gracz1 pole: Anemonia gotowka: 258
Gracz2 pole: Statek gotowka: 3443
Albina *** bankrut *** 
Runda: 82
Gracz1 pole: Akwarium *** czekanie: 3 *** 
Gracz2 pole: Start gotowka: 3493
Albina *** bankrut *** 
Runda: 83
Gracz1 pole: Akwarium *** czekanie: 2 *** 
Gracz2 pole: Wyspa gotowka: 3493
Albina *** bankrut *** 
Runda: 84
Gracz1 pole: Akwarium *** czekanie: 1 *** 
Gracz2 pole: Grota gotowka: 3493
Albina *** bankrut *** 
Runda: 85
Gracz1 pole: Statek gotowka: 143
Gracz2 pole: Laguna gotowka: 3623
Albina *** bankrut *** 
Runda: 86
Gracz1 *** bankrut *** 
Gracz2 pole: Laguna gotowka: 3623
Albina *** bankrut *** 
